[2024-03-25T05:17:57.989+0000] {processor.py:161} INFO - Started process (PID=39171) to work on /opt/airflow/dags/8Filesensor.py
[2024-03-25T05:17:57.990+0000] {processor.py:830} INFO - Processing file /opt/airflow/dags/8Filesensor.py for tasks to queue
[2024-03-25T05:17:57.991+0000] {logging_mixin.py:188} INFO - [2024-03-25T05:17:57.991+0000] {dagbag.py:540} INFO - Filling up the DagBag from /opt/airflow/dags/8Filesensor.py
[2024-03-25T05:17:58.007+0000] {processor.py:840} INFO - DAG(s) '7.3-filesensor' retrieved from /opt/airflow/dags/8Filesensor.py
[2024-03-25T05:17:58.087+0000] {logging_mixin.py:188} INFO - [2024-03-25T05:17:58.087+0000] {override.py:1769} INFO - Created Permission View: can edit on DAG:7.3-filesensor
[2024-03-25T05:17:58.101+0000] {logging_mixin.py:188} INFO - [2024-03-25T05:17:58.100+0000] {override.py:1769} INFO - Created Permission View: can read on DAG:7.3-filesensor
[2024-03-25T05:17:58.109+0000] {logging_mixin.py:188} INFO - [2024-03-25T05:17:58.109+0000] {override.py:1769} INFO - Created Permission View: can delete on DAG:7.3-filesensor
[2024-03-25T05:17:58.110+0000] {logging_mixin.py:188} INFO - [2024-03-25T05:17:58.110+0000] {dag.py:3047} INFO - Sync 1 DAGs
[2024-03-25T05:17:58.119+0000] {logging_mixin.py:188} INFO - [2024-03-25T05:17:58.118+0000] {dag.py:3069} INFO - Creating ORM DAG for 7.3-filesensor
[2024-03-25T05:17:58.127+0000] {logging_mixin.py:188} INFO - [2024-03-25T05:17:58.127+0000] {dag.py:3834} INFO - Setting next_dagrun for 7.3-filesensor to 2022-08-20 00:00:00+00:00, run_after=2022-08-21 00:00:00+00:00
[2024-03-25T05:17:58.144+0000] {processor.py:183} INFO - Processing /opt/airflow/dags/8Filesensor.py took 0.157 seconds
[2024-03-25T05:18:28.289+0000] {processor.py:161} INFO - Started process (PID=39236) to work on /opt/airflow/dags/8Filesensor.py
[2024-03-25T05:18:28.290+0000] {processor.py:830} INFO - Processing file /opt/airflow/dags/8Filesensor.py for tasks to queue
[2024-03-25T05:18:28.292+0000] {logging_mixin.py:188} INFO - [2024-03-25T05:18:28.292+0000] {dagbag.py:540} INFO - Filling up the DagBag from /opt/airflow/dags/8Filesensor.py
[2024-03-25T05:18:28.305+0000] {processor.py:840} INFO - DAG(s) '7.3-filesensor' retrieved from /opt/airflow/dags/8Filesensor.py
[2024-03-25T05:18:28.321+0000] {logging_mixin.py:188} INFO - [2024-03-25T05:18:28.321+0000] {dag.py:3047} INFO - Sync 1 DAGs
[2024-03-25T05:18:28.340+0000] {logging_mixin.py:188} INFO - [2024-03-25T05:18:28.339+0000] {dag.py:3834} INFO - Setting next_dagrun for 7.3-filesensor to 2022-08-20 00:00:00+00:00, run_after=2022-08-21 00:00:00+00:00
[2024-03-25T05:18:28.366+0000] {processor.py:183} INFO - Processing /opt/airflow/dags/8Filesensor.py took 0.079 seconds
[2024-03-25T05:18:58.759+0000] {processor.py:161} INFO - Started process (PID=39301) to work on /opt/airflow/dags/8Filesensor.py
[2024-03-25T05:18:58.760+0000] {processor.py:830} INFO - Processing file /opt/airflow/dags/8Filesensor.py for tasks to queue
[2024-03-25T05:18:58.761+0000] {logging_mixin.py:188} INFO - [2024-03-25T05:18:58.761+0000] {dagbag.py:540} INFO - Filling up the DagBag from /opt/airflow/dags/8Filesensor.py
[2024-03-25T05:18:58.774+0000] {processor.py:840} INFO - DAG(s) '7.3-filesensor' retrieved from /opt/airflow/dags/8Filesensor.py
[2024-03-25T05:18:58.789+0000] {logging_mixin.py:188} INFO - [2024-03-25T05:18:58.788+0000] {dag.py:3047} INFO - Sync 1 DAGs
[2024-03-25T05:18:58.805+0000] {logging_mixin.py:188} INFO - [2024-03-25T05:18:58.805+0000] {dag.py:3834} INFO - Setting next_dagrun for 7.3-filesensor to 2022-08-20 00:00:00+00:00, run_after=2022-08-21 00:00:00+00:00
[2024-03-25T05:18:58.822+0000] {processor.py:183} INFO - Processing /opt/airflow/dags/8Filesensor.py took 0.065 seconds
[2024-03-25T05:19:28.987+0000] {processor.py:161} INFO - Started process (PID=39366) to work on /opt/airflow/dags/8Filesensor.py
[2024-03-25T05:19:28.987+0000] {processor.py:830} INFO - Processing file /opt/airflow/dags/8Filesensor.py for tasks to queue
[2024-03-25T05:19:28.989+0000] {logging_mixin.py:188} INFO - [2024-03-25T05:19:28.989+0000] {dagbag.py:540} INFO - Filling up the DagBag from /opt/airflow/dags/8Filesensor.py
[2024-03-25T05:19:29.002+0000] {processor.py:840} INFO - DAG(s) '7.3-filesensor' retrieved from /opt/airflow/dags/8Filesensor.py
[2024-03-25T05:19:29.019+0000] {logging_mixin.py:188} INFO - [2024-03-25T05:19:29.019+0000] {dag.py:3047} INFO - Sync 1 DAGs
[2024-03-25T05:19:29.038+0000] {logging_mixin.py:188} INFO - [2024-03-25T05:19:29.038+0000] {dag.py:3834} INFO - Setting next_dagrun for 7.3-filesensor to 2022-08-20 00:00:00+00:00, run_after=2022-08-21 00:00:00+00:00
[2024-03-25T05:19:29.058+0000] {processor.py:183} INFO - Processing /opt/airflow/dags/8Filesensor.py took 0.073 seconds
[2024-03-25T05:19:59.240+0000] {processor.py:161} INFO - Started process (PID=39431) to work on /opt/airflow/dags/8Filesensor.py
[2024-03-25T05:19:59.241+0000] {processor.py:830} INFO - Processing file /opt/airflow/dags/8Filesensor.py for tasks to queue
[2024-03-25T05:19:59.243+0000] {logging_mixin.py:188} INFO - [2024-03-25T05:19:59.242+0000] {dagbag.py:540} INFO - Filling up the DagBag from /opt/airflow/dags/8Filesensor.py
[2024-03-25T05:19:59.255+0000] {processor.py:840} INFO - DAG(s) '7.3-filesensor' retrieved from /opt/airflow/dags/8Filesensor.py
[2024-03-25T05:19:59.270+0000] {logging_mixin.py:188} INFO - [2024-03-25T05:19:59.270+0000] {dag.py:3047} INFO - Sync 1 DAGs
[2024-03-25T05:19:59.288+0000] {logging_mixin.py:188} INFO - [2024-03-25T05:19:59.287+0000] {dag.py:3834} INFO - Setting next_dagrun for 7.3-filesensor to 2022-08-20 00:00:00+00:00, run_after=2022-08-21 00:00:00+00:00
[2024-03-25T05:19:59.303+0000] {processor.py:183} INFO - Processing /opt/airflow/dags/8Filesensor.py took 0.066 seconds
[2024-03-25T05:20:29.740+0000] {processor.py:161} INFO - Started process (PID=39496) to work on /opt/airflow/dags/8Filesensor.py
[2024-03-25T05:20:29.741+0000] {processor.py:830} INFO - Processing file /opt/airflow/dags/8Filesensor.py for tasks to queue
[2024-03-25T05:20:29.742+0000] {logging_mixin.py:188} INFO - [2024-03-25T05:20:29.742+0000] {dagbag.py:540} INFO - Filling up the DagBag from /opt/airflow/dags/8Filesensor.py
[2024-03-25T05:20:29.756+0000] {processor.py:840} INFO - DAG(s) '7.3-filesensor' retrieved from /opt/airflow/dags/8Filesensor.py
[2024-03-25T05:20:29.775+0000] {logging_mixin.py:188} INFO - [2024-03-25T05:20:29.775+0000] {dag.py:3047} INFO - Sync 1 DAGs
[2024-03-25T05:20:29.794+0000] {logging_mixin.py:188} INFO - [2024-03-25T05:20:29.794+0000] {dag.py:3834} INFO - Setting next_dagrun for 7.3-filesensor to 2022-08-20 00:00:00+00:00, run_after=2022-08-21 00:00:00+00:00
[2024-03-25T05:20:29.811+0000] {processor.py:183} INFO - Processing /opt/airflow/dags/8Filesensor.py took 0.075 seconds
[2024-03-25T05:21:00.257+0000] {processor.py:161} INFO - Started process (PID=39561) to work on /opt/airflow/dags/8Filesensor.py
[2024-03-25T05:21:00.258+0000] {processor.py:830} INFO - Processing file /opt/airflow/dags/8Filesensor.py for tasks to queue
[2024-03-25T05:21:00.260+0000] {logging_mixin.py:188} INFO - [2024-03-25T05:21:00.260+0000] {dagbag.py:540} INFO - Filling up the DagBag from /opt/airflow/dags/8Filesensor.py
[2024-03-25T05:21:00.275+0000] {processor.py:840} INFO - DAG(s) '7.3-filesensor' retrieved from /opt/airflow/dags/8Filesensor.py
[2024-03-25T05:21:00.293+0000] {logging_mixin.py:188} INFO - [2024-03-25T05:21:00.292+0000] {dag.py:3047} INFO - Sync 1 DAGs
[2024-03-25T05:21:00.314+0000] {logging_mixin.py:188} INFO - [2024-03-25T05:21:00.314+0000] {dag.py:3834} INFO - Setting next_dagrun for 7.3-filesensor to 2022-08-20 00:00:00+00:00, run_after=2022-08-21 00:00:00+00:00
[2024-03-25T05:21:00.335+0000] {processor.py:183} INFO - Processing /opt/airflow/dags/8Filesensor.py took 0.081 seconds
[2024-03-25T05:21:30.586+0000] {processor.py:161} INFO - Started process (PID=39626) to work on /opt/airflow/dags/8Filesensor.py
[2024-03-25T05:21:30.587+0000] {processor.py:830} INFO - Processing file /opt/airflow/dags/8Filesensor.py for tasks to queue
[2024-03-25T05:21:30.588+0000] {logging_mixin.py:188} INFO - [2024-03-25T05:21:30.588+0000] {dagbag.py:540} INFO - Filling up the DagBag from /opt/airflow/dags/8Filesensor.py
[2024-03-25T05:21:30.604+0000] {processor.py:840} INFO - DAG(s) '7.3-filesensor' retrieved from /opt/airflow/dags/8Filesensor.py
[2024-03-25T05:21:30.621+0000] {logging_mixin.py:188} INFO - [2024-03-25T05:21:30.621+0000] {dag.py:3047} INFO - Sync 1 DAGs
[2024-03-25T05:21:30.645+0000] {logging_mixin.py:188} INFO - [2024-03-25T05:21:30.645+0000] {dag.py:3834} INFO - Setting next_dagrun for 7.3-filesensor to 2022-08-20 00:00:00+00:00, run_after=2022-08-21 00:00:00+00:00
[2024-03-25T05:21:30.671+0000] {processor.py:183} INFO - Processing /opt/airflow/dags/8Filesensor.py took 0.088 seconds
[2024-03-25T05:22:01.286+0000] {processor.py:161} INFO - Started process (PID=39691) to work on /opt/airflow/dags/8Filesensor.py
[2024-03-25T05:22:01.287+0000] {processor.py:830} INFO - Processing file /opt/airflow/dags/8Filesensor.py for tasks to queue
[2024-03-25T05:22:01.289+0000] {logging_mixin.py:188} INFO - [2024-03-25T05:22:01.289+0000] {dagbag.py:540} INFO - Filling up the DagBag from /opt/airflow/dags/8Filesensor.py
[2024-03-25T05:22:01.301+0000] {processor.py:840} INFO - DAG(s) '7.3-filesensor' retrieved from /opt/airflow/dags/8Filesensor.py
[2024-03-25T05:22:01.320+0000] {logging_mixin.py:188} INFO - [2024-03-25T05:22:01.320+0000] {dag.py:3047} INFO - Sync 1 DAGs
[2024-03-25T05:22:01.341+0000] {logging_mixin.py:188} INFO - [2024-03-25T05:22:01.341+0000] {dag.py:3834} INFO - Setting next_dagrun for 7.3-filesensor to 2022-08-20 00:00:00+00:00, run_after=2022-08-21 00:00:00+00:00
[2024-03-25T05:22:01.368+0000] {processor.py:183} INFO - Processing /opt/airflow/dags/8Filesensor.py took 0.084 seconds
[2024-03-25T05:22:31.626+0000] {processor.py:161} INFO - Started process (PID=39756) to work on /opt/airflow/dags/8Filesensor.py
[2024-03-25T05:22:31.628+0000] {processor.py:830} INFO - Processing file /opt/airflow/dags/8Filesensor.py for tasks to queue
[2024-03-25T05:22:31.631+0000] {logging_mixin.py:188} INFO - [2024-03-25T05:22:31.630+0000] {dagbag.py:540} INFO - Filling up the DagBag from /opt/airflow/dags/8Filesensor.py
[2024-03-25T05:22:31.645+0000] {processor.py:840} INFO - DAG(s) '7.3-filesensor' retrieved from /opt/airflow/dags/8Filesensor.py
[2024-03-25T05:22:31.664+0000] {logging_mixin.py:188} INFO - [2024-03-25T05:22:31.663+0000] {dag.py:3047} INFO - Sync 1 DAGs
[2024-03-25T05:22:31.683+0000] {logging_mixin.py:188} INFO - [2024-03-25T05:22:31.683+0000] {dag.py:3834} INFO - Setting next_dagrun for 7.3-filesensor to 2022-08-20 00:00:00+00:00, run_after=2022-08-21 00:00:00+00:00
[2024-03-25T05:22:31.710+0000] {processor.py:183} INFO - Processing /opt/airflow/dags/8Filesensor.py took 0.087 seconds
[2024-03-25T05:23:02.495+0000] {processor.py:161} INFO - Started process (PID=39821) to work on /opt/airflow/dags/8Filesensor.py
[2024-03-25T05:23:02.496+0000] {processor.py:830} INFO - Processing file /opt/airflow/dags/8Filesensor.py for tasks to queue
[2024-03-25T05:23:02.498+0000] {logging_mixin.py:188} INFO - [2024-03-25T05:23:02.498+0000] {dagbag.py:540} INFO - Filling up the DagBag from /opt/airflow/dags/8Filesensor.py
[2024-03-25T05:23:02.517+0000] {processor.py:840} INFO - DAG(s) '7.3-filesensor' retrieved from /opt/airflow/dags/8Filesensor.py
[2024-03-25T05:23:02.537+0000] {logging_mixin.py:188} INFO - [2024-03-25T05:23:02.537+0000] {dag.py:3047} INFO - Sync 1 DAGs
[2024-03-25T05:23:02.558+0000] {logging_mixin.py:188} INFO - [2024-03-25T05:23:02.557+0000] {dag.py:3834} INFO - Setting next_dagrun for 7.3-filesensor to 2022-08-20 00:00:00+00:00, run_after=2022-08-21 00:00:00+00:00
[2024-03-25T05:23:02.579+0000] {processor.py:183} INFO - Processing /opt/airflow/dags/8Filesensor.py took 0.086 seconds
[2024-03-25T05:23:33.078+0000] {processor.py:161} INFO - Started process (PID=39886) to work on /opt/airflow/dags/8Filesensor.py
[2024-03-25T05:23:33.079+0000] {processor.py:830} INFO - Processing file /opt/airflow/dags/8Filesensor.py for tasks to queue
[2024-03-25T05:23:33.081+0000] {logging_mixin.py:188} INFO - [2024-03-25T05:23:33.081+0000] {dagbag.py:540} INFO - Filling up the DagBag from /opt/airflow/dags/8Filesensor.py
[2024-03-25T05:23:33.098+0000] {processor.py:840} INFO - DAG(s) '7.3-filesensor' retrieved from /opt/airflow/dags/8Filesensor.py
[2024-03-25T05:23:33.116+0000] {logging_mixin.py:188} INFO - [2024-03-25T05:23:33.116+0000] {dag.py:3047} INFO - Sync 1 DAGs
[2024-03-25T05:23:33.142+0000] {logging_mixin.py:188} INFO - [2024-03-25T05:23:33.142+0000] {dag.py:3834} INFO - Setting next_dagrun for 7.3-filesensor to 2022-08-20 00:00:00+00:00, run_after=2022-08-21 00:00:00+00:00
[2024-03-25T05:23:33.170+0000] {processor.py:183} INFO - Processing /opt/airflow/dags/8Filesensor.py took 0.095 seconds
[2024-03-25T05:24:03.586+0000] {processor.py:161} INFO - Started process (PID=39951) to work on /opt/airflow/dags/8Filesensor.py
[2024-03-25T05:24:03.587+0000] {processor.py:830} INFO - Processing file /opt/airflow/dags/8Filesensor.py for tasks to queue
[2024-03-25T05:24:03.588+0000] {logging_mixin.py:188} INFO - [2024-03-25T05:24:03.588+0000] {dagbag.py:540} INFO - Filling up the DagBag from /opt/airflow/dags/8Filesensor.py
[2024-03-25T05:24:03.603+0000] {processor.py:840} INFO - DAG(s) '7.3-filesensor' retrieved from /opt/airflow/dags/8Filesensor.py
[2024-03-25T05:24:03.620+0000] {logging_mixin.py:188} INFO - [2024-03-25T05:24:03.620+0000] {dag.py:3047} INFO - Sync 1 DAGs
[2024-03-25T05:24:03.642+0000] {logging_mixin.py:188} INFO - [2024-03-25T05:24:03.642+0000] {dag.py:3834} INFO - Setting next_dagrun for 7.3-filesensor to 2022-08-20 00:00:00+00:00, run_after=2022-08-21 00:00:00+00:00
[2024-03-25T05:24:03.671+0000] {processor.py:183} INFO - Processing /opt/airflow/dags/8Filesensor.py took 0.087 seconds
[2024-03-25T05:24:33.871+0000] {processor.py:161} INFO - Started process (PID=40016) to work on /opt/airflow/dags/8Filesensor.py
[2024-03-25T05:24:33.872+0000] {processor.py:830} INFO - Processing file /opt/airflow/dags/8Filesensor.py for tasks to queue
[2024-03-25T05:24:33.873+0000] {logging_mixin.py:188} INFO - [2024-03-25T05:24:33.873+0000] {dagbag.py:540} INFO - Filling up the DagBag from /opt/airflow/dags/8Filesensor.py
[2024-03-25T05:24:33.887+0000] {processor.py:840} INFO - DAG(s) '7.3-filesensor' retrieved from /opt/airflow/dags/8Filesensor.py
[2024-03-25T05:24:33.904+0000] {logging_mixin.py:188} INFO - [2024-03-25T05:24:33.904+0000] {dag.py:3047} INFO - Sync 1 DAGs
[2024-03-25T05:24:33.924+0000] {logging_mixin.py:188} INFO - [2024-03-25T05:24:33.924+0000] {dag.py:3834} INFO - Setting next_dagrun for 7.3-filesensor to 2022-08-20 00:00:00+00:00, run_after=2022-08-21 00:00:00+00:00
[2024-03-25T05:24:33.945+0000] {processor.py:183} INFO - Processing /opt/airflow/dags/8Filesensor.py took 0.077 seconds
[2024-03-25T05:25:04.239+0000] {processor.py:161} INFO - Started process (PID=40081) to work on /opt/airflow/dags/8Filesensor.py
[2024-03-25T05:25:04.240+0000] {processor.py:830} INFO - Processing file /opt/airflow/dags/8Filesensor.py for tasks to queue
[2024-03-25T05:25:04.243+0000] {logging_mixin.py:188} INFO - [2024-03-25T05:25:04.242+0000] {dagbag.py:540} INFO - Filling up the DagBag from /opt/airflow/dags/8Filesensor.py
[2024-03-25T05:25:04.256+0000] {processor.py:840} INFO - DAG(s) '7.3-filesensor' retrieved from /opt/airflow/dags/8Filesensor.py
[2024-03-25T05:25:04.272+0000] {logging_mixin.py:188} INFO - [2024-03-25T05:25:04.271+0000] {dag.py:3047} INFO - Sync 1 DAGs
[2024-03-25T05:25:04.292+0000] {logging_mixin.py:188} INFO - [2024-03-25T05:25:04.292+0000] {dag.py:3834} INFO - Setting next_dagrun for 7.3-filesensor to 2022-08-20 00:00:00+00:00, run_after=2022-08-21 00:00:00+00:00
[2024-03-25T05:25:04.320+0000] {processor.py:183} INFO - Processing /opt/airflow/dags/8Filesensor.py took 0.084 seconds
[2024-03-25T05:25:34.543+0000] {processor.py:161} INFO - Started process (PID=40146) to work on /opt/airflow/dags/8Filesensor.py
[2024-03-25T05:25:34.545+0000] {processor.py:830} INFO - Processing file /opt/airflow/dags/8Filesensor.py for tasks to queue
[2024-03-25T05:25:34.546+0000] {logging_mixin.py:188} INFO - [2024-03-25T05:25:34.546+0000] {dagbag.py:540} INFO - Filling up the DagBag from /opt/airflow/dags/8Filesensor.py
[2024-03-25T05:25:34.560+0000] {processor.py:840} INFO - DAG(s) '7.3-filesensor' retrieved from /opt/airflow/dags/8Filesensor.py
[2024-03-25T05:25:34.577+0000] {logging_mixin.py:188} INFO - [2024-03-25T05:25:34.577+0000] {dag.py:3047} INFO - Sync 1 DAGs
[2024-03-25T05:25:34.598+0000] {logging_mixin.py:188} INFO - [2024-03-25T05:25:34.598+0000] {dag.py:3834} INFO - Setting next_dagrun for 7.3-filesensor to 2022-08-20 00:00:00+00:00, run_after=2022-08-21 00:00:00+00:00
[2024-03-25T05:25:34.630+0000] {processor.py:183} INFO - Processing /opt/airflow/dags/8Filesensor.py took 0.091 seconds
[2024-03-25T05:26:04.816+0000] {processor.py:161} INFO - Started process (PID=40211) to work on /opt/airflow/dags/8Filesensor.py
[2024-03-25T05:26:04.817+0000] {processor.py:830} INFO - Processing file /opt/airflow/dags/8Filesensor.py for tasks to queue
[2024-03-25T05:26:04.819+0000] {logging_mixin.py:188} INFO - [2024-03-25T05:26:04.819+0000] {dagbag.py:540} INFO - Filling up the DagBag from /opt/airflow/dags/8Filesensor.py
[2024-03-25T05:26:04.832+0000] {processor.py:840} INFO - DAG(s) '7.3-filesensor' retrieved from /opt/airflow/dags/8Filesensor.py
[2024-03-25T05:26:04.851+0000] {logging_mixin.py:188} INFO - [2024-03-25T05:26:04.851+0000] {dag.py:3047} INFO - Sync 1 DAGs
[2024-03-25T05:26:04.873+0000] {logging_mixin.py:188} INFO - [2024-03-25T05:26:04.873+0000] {dag.py:3834} INFO - Setting next_dagrun for 7.3-filesensor to 2022-08-20 00:00:00+00:00, run_after=2022-08-21 00:00:00+00:00
[2024-03-25T05:26:04.891+0000] {processor.py:183} INFO - Processing /opt/airflow/dags/8Filesensor.py took 0.077 seconds
[2024-03-25T05:26:35.262+0000] {processor.py:161} INFO - Started process (PID=40276) to work on /opt/airflow/dags/8Filesensor.py
[2024-03-25T05:26:35.263+0000] {processor.py:830} INFO - Processing file /opt/airflow/dags/8Filesensor.py for tasks to queue
[2024-03-25T05:26:35.264+0000] {logging_mixin.py:188} INFO - [2024-03-25T05:26:35.264+0000] {dagbag.py:540} INFO - Filling up the DagBag from /opt/airflow/dags/8Filesensor.py
[2024-03-25T05:26:35.279+0000] {processor.py:840} INFO - DAG(s) '7.3-filesensor' retrieved from /opt/airflow/dags/8Filesensor.py
[2024-03-25T05:26:35.298+0000] {logging_mixin.py:188} INFO - [2024-03-25T05:26:35.297+0000] {dag.py:3047} INFO - Sync 1 DAGs
[2024-03-25T05:26:35.319+0000] {logging_mixin.py:188} INFO - [2024-03-25T05:26:35.319+0000] {dag.py:3834} INFO - Setting next_dagrun for 7.3-filesensor to 2022-08-20 00:00:00+00:00, run_after=2022-08-21 00:00:00+00:00
[2024-03-25T05:26:35.347+0000] {processor.py:183} INFO - Processing /opt/airflow/dags/8Filesensor.py took 0.088 seconds
[2024-03-25T05:27:05.408+0000] {processor.py:161} INFO - Started process (PID=40341) to work on /opt/airflow/dags/8Filesensor.py
[2024-03-25T05:27:05.410+0000] {processor.py:830} INFO - Processing file /opt/airflow/dags/8Filesensor.py for tasks to queue
[2024-03-25T05:27:05.411+0000] {logging_mixin.py:188} INFO - [2024-03-25T05:27:05.411+0000] {dagbag.py:540} INFO - Filling up the DagBag from /opt/airflow/dags/8Filesensor.py
[2024-03-25T05:27:05.425+0000] {processor.py:840} INFO - DAG(s) '7.3-filesensor' retrieved from /opt/airflow/dags/8Filesensor.py
[2024-03-25T05:27:05.444+0000] {logging_mixin.py:188} INFO - [2024-03-25T05:27:05.443+0000] {dag.py:3047} INFO - Sync 1 DAGs
[2024-03-25T05:27:05.462+0000] {logging_mixin.py:188} INFO - [2024-03-25T05:27:05.462+0000] {dag.py:3834} INFO - Setting next_dagrun for 7.3-filesensor to 2022-08-20 00:00:00+00:00, run_after=2022-08-21 00:00:00+00:00
[2024-03-25T05:27:05.482+0000] {processor.py:183} INFO - Processing /opt/airflow/dags/8Filesensor.py took 0.077 seconds
[2024-03-25T05:27:35.674+0000] {processor.py:161} INFO - Started process (PID=40406) to work on /opt/airflow/dags/8Filesensor.py
[2024-03-25T05:27:35.675+0000] {processor.py:830} INFO - Processing file /opt/airflow/dags/8Filesensor.py for tasks to queue
[2024-03-25T05:27:35.677+0000] {logging_mixin.py:188} INFO - [2024-03-25T05:27:35.677+0000] {dagbag.py:540} INFO - Filling up the DagBag from /opt/airflow/dags/8Filesensor.py
[2024-03-25T05:27:35.690+0000] {processor.py:840} INFO - DAG(s) '7.3-filesensor' retrieved from /opt/airflow/dags/8Filesensor.py
[2024-03-25T05:27:35.706+0000] {logging_mixin.py:188} INFO - [2024-03-25T05:27:35.705+0000] {dag.py:3047} INFO - Sync 1 DAGs
[2024-03-25T05:27:35.726+0000] {logging_mixin.py:188} INFO - [2024-03-25T05:27:35.726+0000] {dag.py:3834} INFO - Setting next_dagrun for 7.3-filesensor to 2022-08-20 00:00:00+00:00, run_after=2022-08-21 00:00:00+00:00
[2024-03-25T05:27:35.746+0000] {processor.py:183} INFO - Processing /opt/airflow/dags/8Filesensor.py took 0.074 seconds
[2024-03-25T05:28:06.251+0000] {processor.py:161} INFO - Started process (PID=40471) to work on /opt/airflow/dags/8Filesensor.py
[2024-03-25T05:28:06.252+0000] {processor.py:830} INFO - Processing file /opt/airflow/dags/8Filesensor.py for tasks to queue
[2024-03-25T05:28:06.254+0000] {logging_mixin.py:188} INFO - [2024-03-25T05:28:06.254+0000] {dagbag.py:540} INFO - Filling up the DagBag from /opt/airflow/dags/8Filesensor.py
[2024-03-25T05:28:06.268+0000] {processor.py:840} INFO - DAG(s) '7.3-filesensor' retrieved from /opt/airflow/dags/8Filesensor.py
[2024-03-25T05:28:06.286+0000] {logging_mixin.py:188} INFO - [2024-03-25T05:28:06.286+0000] {dag.py:3047} INFO - Sync 1 DAGs
[2024-03-25T05:28:06.306+0000] {logging_mixin.py:188} INFO - [2024-03-25T05:28:06.305+0000] {dag.py:3834} INFO - Setting next_dagrun for 7.3-filesensor to 2022-08-20 00:00:00+00:00, run_after=2022-08-21 00:00:00+00:00
[2024-03-25T05:28:06.335+0000] {processor.py:183} INFO - Processing /opt/airflow/dags/8Filesensor.py took 0.086 seconds
[2024-03-25T05:28:36.455+0000] {processor.py:161} INFO - Started process (PID=40536) to work on /opt/airflow/dags/8Filesensor.py
[2024-03-25T05:28:36.456+0000] {processor.py:830} INFO - Processing file /opt/airflow/dags/8Filesensor.py for tasks to queue
[2024-03-25T05:28:36.457+0000] {logging_mixin.py:188} INFO - [2024-03-25T05:28:36.457+0000] {dagbag.py:540} INFO - Filling up the DagBag from /opt/airflow/dags/8Filesensor.py
[2024-03-25T05:28:36.470+0000] {processor.py:840} INFO - DAG(s) '7.3-filesensor' retrieved from /opt/airflow/dags/8Filesensor.py
[2024-03-25T05:28:36.487+0000] {logging_mixin.py:188} INFO - [2024-03-25T05:28:36.487+0000] {dag.py:3047} INFO - Sync 1 DAGs
[2024-03-25T05:28:36.507+0000] {logging_mixin.py:188} INFO - [2024-03-25T05:28:36.507+0000] {dag.py:3834} INFO - Setting next_dagrun for 7.3-filesensor to 2022-08-20 00:00:00+00:00, run_after=2022-08-21 00:00:00+00:00
[2024-03-25T05:28:36.528+0000] {processor.py:183} INFO - Processing /opt/airflow/dags/8Filesensor.py took 0.075 seconds
[2024-03-25T05:29:06.654+0000] {processor.py:161} INFO - Started process (PID=40601) to work on /opt/airflow/dags/8Filesensor.py
[2024-03-25T05:29:06.655+0000] {processor.py:830} INFO - Processing file /opt/airflow/dags/8Filesensor.py for tasks to queue
[2024-03-25T05:29:06.658+0000] {logging_mixin.py:188} INFO - [2024-03-25T05:29:06.657+0000] {dagbag.py:540} INFO - Filling up the DagBag from /opt/airflow/dags/8Filesensor.py
[2024-03-25T05:29:06.672+0000] {processor.py:840} INFO - DAG(s) '7.3-filesensor' retrieved from /opt/airflow/dags/8Filesensor.py
[2024-03-25T05:29:06.688+0000] {logging_mixin.py:188} INFO - [2024-03-25T05:29:06.688+0000] {dag.py:3047} INFO - Sync 1 DAGs
[2024-03-25T05:29:06.708+0000] {logging_mixin.py:188} INFO - [2024-03-25T05:29:06.708+0000] {dag.py:3834} INFO - Setting next_dagrun for 7.3-filesensor to 2022-08-20 00:00:00+00:00, run_after=2022-08-21 00:00:00+00:00
[2024-03-25T05:29:06.735+0000] {processor.py:183} INFO - Processing /opt/airflow/dags/8Filesensor.py took 0.084 seconds
[2024-03-25T05:29:36.952+0000] {processor.py:161} INFO - Started process (PID=40666) to work on /opt/airflow/dags/8Filesensor.py
[2024-03-25T05:29:36.953+0000] {processor.py:830} INFO - Processing file /opt/airflow/dags/8Filesensor.py for tasks to queue
[2024-03-25T05:29:36.955+0000] {logging_mixin.py:188} INFO - [2024-03-25T05:29:36.955+0000] {dagbag.py:540} INFO - Filling up the DagBag from /opt/airflow/dags/8Filesensor.py
[2024-03-25T05:29:36.969+0000] {processor.py:840} INFO - DAG(s) '7.3-filesensor' retrieved from /opt/airflow/dags/8Filesensor.py
[2024-03-25T05:29:36.985+0000] {logging_mixin.py:188} INFO - [2024-03-25T05:29:36.984+0000] {dag.py:3047} INFO - Sync 1 DAGs
[2024-03-25T05:29:37.003+0000] {logging_mixin.py:188} INFO - [2024-03-25T05:29:37.002+0000] {dag.py:3834} INFO - Setting next_dagrun for 7.3-filesensor to 2022-08-20 00:00:00+00:00, run_after=2022-08-21 00:00:00+00:00
[2024-03-25T05:29:37.021+0000] {processor.py:183} INFO - Processing /opt/airflow/dags/8Filesensor.py took 0.072 seconds
[2024-03-25T05:30:07.100+0000] {processor.py:161} INFO - Started process (PID=40731) to work on /opt/airflow/dags/8Filesensor.py
[2024-03-25T05:30:07.101+0000] {processor.py:830} INFO - Processing file /opt/airflow/dags/8Filesensor.py for tasks to queue
[2024-03-25T05:30:07.103+0000] {logging_mixin.py:188} INFO - [2024-03-25T05:30:07.103+0000] {dagbag.py:540} INFO - Filling up the DagBag from /opt/airflow/dags/8Filesensor.py
[2024-03-25T05:30:07.116+0000] {processor.py:840} INFO - DAG(s) '7.3-filesensor' retrieved from /opt/airflow/dags/8Filesensor.py
[2024-03-25T05:30:07.134+0000] {logging_mixin.py:188} INFO - [2024-03-25T05:30:07.134+0000] {dag.py:3047} INFO - Sync 1 DAGs
[2024-03-25T05:30:07.155+0000] {logging_mixin.py:188} INFO - [2024-03-25T05:30:07.154+0000] {dag.py:3834} INFO - Setting next_dagrun for 7.3-filesensor to 2022-08-20 00:00:00+00:00, run_after=2022-08-21 00:00:00+00:00
[2024-03-25T05:30:07.182+0000] {processor.py:183} INFO - Processing /opt/airflow/dags/8Filesensor.py took 0.084 seconds
[2024-03-25T05:30:37.401+0000] {processor.py:161} INFO - Started process (PID=40796) to work on /opt/airflow/dags/8Filesensor.py
[2024-03-25T05:30:37.402+0000] {processor.py:830} INFO - Processing file /opt/airflow/dags/8Filesensor.py for tasks to queue
[2024-03-25T05:30:37.404+0000] {logging_mixin.py:188} INFO - [2024-03-25T05:30:37.404+0000] {dagbag.py:540} INFO - Filling up the DagBag from /opt/airflow/dags/8Filesensor.py
[2024-03-25T05:30:37.418+0000] {processor.py:840} INFO - DAG(s) '7.3-filesensor' retrieved from /opt/airflow/dags/8Filesensor.py
[2024-03-25T05:30:37.435+0000] {logging_mixin.py:188} INFO - [2024-03-25T05:30:37.435+0000] {dag.py:3047} INFO - Sync 1 DAGs
[2024-03-25T05:30:37.456+0000] {logging_mixin.py:188} INFO - [2024-03-25T05:30:37.456+0000] {dag.py:3834} INFO - Setting next_dagrun for 7.3-filesensor to 2022-08-20 00:00:00+00:00, run_after=2022-08-21 00:00:00+00:00
[2024-03-25T05:30:37.477+0000] {processor.py:183} INFO - Processing /opt/airflow/dags/8Filesensor.py took 0.078 seconds
[2024-03-25T05:31:07.879+0000] {processor.py:161} INFO - Started process (PID=40861) to work on /opt/airflow/dags/8Filesensor.py
[2024-03-25T05:31:07.880+0000] {processor.py:830} INFO - Processing file /opt/airflow/dags/8Filesensor.py for tasks to queue
[2024-03-25T05:31:07.882+0000] {logging_mixin.py:188} INFO - [2024-03-25T05:31:07.881+0000] {dagbag.py:540} INFO - Filling up the DagBag from /opt/airflow/dags/8Filesensor.py
[2024-03-25T05:31:07.895+0000] {processor.py:840} INFO - DAG(s) '7.3-filesensor' retrieved from /opt/airflow/dags/8Filesensor.py
[2024-03-25T05:31:07.912+0000] {logging_mixin.py:188} INFO - [2024-03-25T05:31:07.912+0000] {dag.py:3047} INFO - Sync 1 DAGs
[2024-03-25T05:31:07.933+0000] {logging_mixin.py:188} INFO - [2024-03-25T05:31:07.932+0000] {dag.py:3834} INFO - Setting next_dagrun for 7.3-filesensor to 2022-08-20 00:00:00+00:00, run_after=2022-08-21 00:00:00+00:00
[2024-03-25T05:31:07.958+0000] {processor.py:183} INFO - Processing /opt/airflow/dags/8Filesensor.py took 0.082 seconds
[2024-03-25T05:31:38.356+0000] {processor.py:161} INFO - Started process (PID=40926) to work on /opt/airflow/dags/8Filesensor.py
[2024-03-25T05:31:38.357+0000] {processor.py:830} INFO - Processing file /opt/airflow/dags/8Filesensor.py for tasks to queue
[2024-03-25T05:31:38.359+0000] {logging_mixin.py:188} INFO - [2024-03-25T05:31:38.359+0000] {dagbag.py:540} INFO - Filling up the DagBag from /opt/airflow/dags/8Filesensor.py
[2024-03-25T05:31:38.373+0000] {processor.py:840} INFO - DAG(s) '7.3-filesensor' retrieved from /opt/airflow/dags/8Filesensor.py
[2024-03-25T05:31:38.391+0000] {logging_mixin.py:188} INFO - [2024-03-25T05:31:38.391+0000] {dag.py:3047} INFO - Sync 1 DAGs
[2024-03-25T05:31:38.412+0000] {logging_mixin.py:188} INFO - [2024-03-25T05:31:38.411+0000] {dag.py:3834} INFO - Setting next_dagrun for 7.3-filesensor to 2022-08-20 00:00:00+00:00, run_after=2022-08-21 00:00:00+00:00
[2024-03-25T05:31:38.439+0000] {processor.py:183} INFO - Processing /opt/airflow/dags/8Filesensor.py took 0.086 seconds
[2024-03-25T05:32:09.078+0000] {processor.py:161} INFO - Started process (PID=40991) to work on /opt/airflow/dags/8Filesensor.py
[2024-03-25T05:32:09.079+0000] {processor.py:830} INFO - Processing file /opt/airflow/dags/8Filesensor.py for tasks to queue
[2024-03-25T05:32:09.081+0000] {logging_mixin.py:188} INFO - [2024-03-25T05:32:09.081+0000] {dagbag.py:540} INFO - Filling up the DagBag from /opt/airflow/dags/8Filesensor.py
[2024-03-25T05:32:09.095+0000] {processor.py:840} INFO - DAG(s) '7.3-filesensor' retrieved from /opt/airflow/dags/8Filesensor.py
[2024-03-25T05:32:09.118+0000] {logging_mixin.py:188} INFO - [2024-03-25T05:32:09.118+0000] {dag.py:3047} INFO - Sync 1 DAGs
[2024-03-25T05:32:09.139+0000] {logging_mixin.py:188} INFO - [2024-03-25T05:32:09.138+0000] {dag.py:3834} INFO - Setting next_dagrun for 7.3-filesensor to 2022-08-20 00:00:00+00:00, run_after=2022-08-21 00:00:00+00:00
[2024-03-25T05:32:09.161+0000] {processor.py:183} INFO - Processing /opt/airflow/dags/8Filesensor.py took 0.086 seconds
[2024-03-25T05:32:39.387+0000] {processor.py:161} INFO - Started process (PID=41056) to work on /opt/airflow/dags/8Filesensor.py
[2024-03-25T05:32:39.388+0000] {processor.py:830} INFO - Processing file /opt/airflow/dags/8Filesensor.py for tasks to queue
[2024-03-25T05:32:39.390+0000] {logging_mixin.py:188} INFO - [2024-03-25T05:32:39.390+0000] {dagbag.py:540} INFO - Filling up the DagBag from /opt/airflow/dags/8Filesensor.py
[2024-03-25T05:32:39.405+0000] {processor.py:840} INFO - DAG(s) '7.3-filesensor' retrieved from /opt/airflow/dags/8Filesensor.py
[2024-03-25T05:32:39.423+0000] {logging_mixin.py:188} INFO - [2024-03-25T05:32:39.423+0000] {dag.py:3047} INFO - Sync 1 DAGs
[2024-03-25T05:32:39.445+0000] {logging_mixin.py:188} INFO - [2024-03-25T05:32:39.445+0000] {dag.py:3834} INFO - Setting next_dagrun for 7.3-filesensor to 2022-08-20 00:00:00+00:00, run_after=2022-08-21 00:00:00+00:00
[2024-03-25T05:32:39.474+0000] {processor.py:183} INFO - Processing /opt/airflow/dags/8Filesensor.py took 0.090 seconds
[2024-03-25T05:33:10.005+0000] {processor.py:161} INFO - Started process (PID=41121) to work on /opt/airflow/dags/8Filesensor.py
[2024-03-25T05:33:10.006+0000] {processor.py:830} INFO - Processing file /opt/airflow/dags/8Filesensor.py for tasks to queue
[2024-03-25T05:33:10.008+0000] {logging_mixin.py:188} INFO - [2024-03-25T05:33:10.007+0000] {dagbag.py:540} INFO - Filling up the DagBag from /opt/airflow/dags/8Filesensor.py
[2024-03-25T05:33:10.023+0000] {processor.py:840} INFO - DAG(s) '7.3-filesensor' retrieved from /opt/airflow/dags/8Filesensor.py
[2024-03-25T05:33:10.042+0000] {logging_mixin.py:188} INFO - [2024-03-25T05:33:10.042+0000] {dag.py:3047} INFO - Sync 1 DAGs
[2024-03-25T05:33:10.063+0000] {logging_mixin.py:188} INFO - [2024-03-25T05:33:10.063+0000] {dag.py:3834} INFO - Setting next_dagrun for 7.3-filesensor to 2022-08-20 00:00:00+00:00, run_after=2022-08-21 00:00:00+00:00
[2024-03-25T05:33:10.092+0000] {processor.py:183} INFO - Processing /opt/airflow/dags/8Filesensor.py took 0.089 seconds
[2024-03-25T05:33:40.602+0000] {processor.py:161} INFO - Started process (PID=41186) to work on /opt/airflow/dags/8Filesensor.py
[2024-03-25T05:33:40.604+0000] {processor.py:830} INFO - Processing file /opt/airflow/dags/8Filesensor.py for tasks to queue
[2024-03-25T05:33:40.605+0000] {logging_mixin.py:188} INFO - [2024-03-25T05:33:40.605+0000] {dagbag.py:540} INFO - Filling up the DagBag from /opt/airflow/dags/8Filesensor.py
[2024-03-25T05:33:40.620+0000] {processor.py:840} INFO - DAG(s) '7.3-filesensor' retrieved from /opt/airflow/dags/8Filesensor.py
[2024-03-25T05:33:40.638+0000] {logging_mixin.py:188} INFO - [2024-03-25T05:33:40.638+0000] {dag.py:3047} INFO - Sync 1 DAGs
[2024-03-25T05:33:40.661+0000] {logging_mixin.py:188} INFO - [2024-03-25T05:33:40.661+0000] {dag.py:3834} INFO - Setting next_dagrun for 7.3-filesensor to 2022-08-20 00:00:00+00:00, run_after=2022-08-21 00:00:00+00:00
[2024-03-25T05:33:40.690+0000] {processor.py:183} INFO - Processing /opt/airflow/dags/8Filesensor.py took 0.091 seconds
[2024-03-25T05:34:11.299+0000] {processor.py:161} INFO - Started process (PID=41251) to work on /opt/airflow/dags/8Filesensor.py
[2024-03-25T05:34:11.301+0000] {processor.py:830} INFO - Processing file /opt/airflow/dags/8Filesensor.py for tasks to queue
[2024-03-25T05:34:11.303+0000] {logging_mixin.py:188} INFO - [2024-03-25T05:34:11.303+0000] {dagbag.py:540} INFO - Filling up the DagBag from /opt/airflow/dags/8Filesensor.py
[2024-03-25T05:34:11.319+0000] {processor.py:840} INFO - DAG(s) '7.3-filesensor' retrieved from /opt/airflow/dags/8Filesensor.py
[2024-03-25T05:34:11.336+0000] {logging_mixin.py:188} INFO - [2024-03-25T05:34:11.336+0000] {dag.py:3047} INFO - Sync 1 DAGs
[2024-03-25T05:34:11.358+0000] {logging_mixin.py:188} INFO - [2024-03-25T05:34:11.358+0000] {dag.py:3834} INFO - Setting next_dagrun for 7.3-filesensor to 2022-08-20 00:00:00+00:00, run_after=2022-08-21 00:00:00+00:00
[2024-03-25T05:34:11.389+0000] {processor.py:183} INFO - Processing /opt/airflow/dags/8Filesensor.py took 0.092 seconds
[2024-03-25T05:34:41.659+0000] {processor.py:161} INFO - Started process (PID=41316) to work on /opt/airflow/dags/8Filesensor.py
[2024-03-25T05:34:41.660+0000] {processor.py:830} INFO - Processing file /opt/airflow/dags/8Filesensor.py for tasks to queue
[2024-03-25T05:34:41.662+0000] {logging_mixin.py:188} INFO - [2024-03-25T05:34:41.661+0000] {dagbag.py:540} INFO - Filling up the DagBag from /opt/airflow/dags/8Filesensor.py
[2024-03-25T05:34:41.676+0000] {processor.py:840} INFO - DAG(s) '7.3-filesensor' retrieved from /opt/airflow/dags/8Filesensor.py
[2024-03-25T05:34:41.694+0000] {logging_mixin.py:188} INFO - [2024-03-25T05:34:41.693+0000] {dag.py:3047} INFO - Sync 1 DAGs
[2024-03-25T05:34:41.713+0000] {logging_mixin.py:188} INFO - [2024-03-25T05:34:41.713+0000] {dag.py:3834} INFO - Setting next_dagrun for 7.3-filesensor to 2022-08-20 00:00:00+00:00, run_after=2022-08-21 00:00:00+00:00
[2024-03-25T05:34:41.742+0000] {processor.py:183} INFO - Processing /opt/airflow/dags/8Filesensor.py took 0.086 seconds
[2024-03-25T05:35:12.239+0000] {processor.py:161} INFO - Started process (PID=41381) to work on /opt/airflow/dags/8Filesensor.py
[2024-03-25T05:35:12.240+0000] {processor.py:830} INFO - Processing file /opt/airflow/dags/8Filesensor.py for tasks to queue
[2024-03-25T05:35:12.242+0000] {logging_mixin.py:188} INFO - [2024-03-25T05:35:12.242+0000] {dagbag.py:540} INFO - Filling up the DagBag from /opt/airflow/dags/8Filesensor.py
[2024-03-25T05:35:12.256+0000] {processor.py:840} INFO - DAG(s) '7.3-filesensor' retrieved from /opt/airflow/dags/8Filesensor.py
[2024-03-25T05:35:12.274+0000] {logging_mixin.py:188} INFO - [2024-03-25T05:35:12.273+0000] {dag.py:3047} INFO - Sync 1 DAGs
[2024-03-25T05:35:12.295+0000] {logging_mixin.py:188} INFO - [2024-03-25T05:35:12.295+0000] {dag.py:3834} INFO - Setting next_dagrun for 7.3-filesensor to 2022-08-20 00:00:00+00:00, run_after=2022-08-21 00:00:00+00:00
[2024-03-25T05:35:12.316+0000] {processor.py:183} INFO - Processing /opt/airflow/dags/8Filesensor.py took 0.080 seconds
[2024-03-25T05:35:42.631+0000] {processor.py:161} INFO - Started process (PID=41447) to work on /opt/airflow/dags/8Filesensor.py
[2024-03-25T05:35:42.633+0000] {processor.py:830} INFO - Processing file /opt/airflow/dags/8Filesensor.py for tasks to queue
[2024-03-25T05:35:42.635+0000] {logging_mixin.py:188} INFO - [2024-03-25T05:35:42.634+0000] {dagbag.py:540} INFO - Filling up the DagBag from /opt/airflow/dags/8Filesensor.py
[2024-03-25T05:35:42.654+0000] {processor.py:840} INFO - DAG(s) '7.3-filesensor' retrieved from /opt/airflow/dags/8Filesensor.py
[2024-03-25T05:35:42.674+0000] {logging_mixin.py:188} INFO - [2024-03-25T05:35:42.674+0000] {dag.py:3047} INFO - Sync 1 DAGs
[2024-03-25T05:35:42.700+0000] {logging_mixin.py:188} INFO - [2024-03-25T05:35:42.700+0000] {dag.py:3834} INFO - Setting next_dagrun for 7.3-filesensor to 2022-08-20 00:00:00+00:00, run_after=2022-08-21 00:00:00+00:00
[2024-03-25T05:35:42.725+0000] {processor.py:183} INFO - Processing /opt/airflow/dags/8Filesensor.py took 0.097 seconds
[2024-03-25T05:36:12.932+0000] {processor.py:161} INFO - Started process (PID=41512) to work on /opt/airflow/dags/8Filesensor.py
[2024-03-25T05:36:12.933+0000] {processor.py:830} INFO - Processing file /opt/airflow/dags/8Filesensor.py for tasks to queue
[2024-03-25T05:36:12.935+0000] {logging_mixin.py:188} INFO - [2024-03-25T05:36:12.935+0000] {dagbag.py:540} INFO - Filling up the DagBag from /opt/airflow/dags/8Filesensor.py
[2024-03-25T05:36:12.948+0000] {processor.py:840} INFO - DAG(s) '7.3-filesensor' retrieved from /opt/airflow/dags/8Filesensor.py
[2024-03-25T05:36:12.964+0000] {logging_mixin.py:188} INFO - [2024-03-25T05:36:12.964+0000] {dag.py:3047} INFO - Sync 1 DAGs
[2024-03-25T05:36:12.984+0000] {logging_mixin.py:188} INFO - [2024-03-25T05:36:12.984+0000] {dag.py:3834} INFO - Setting next_dagrun for 7.3-filesensor to 2022-08-20 00:00:00+00:00, run_after=2022-08-21 00:00:00+00:00
[2024-03-25T05:36:13.011+0000] {processor.py:183} INFO - Processing /opt/airflow/dags/8Filesensor.py took 0.081 seconds
[2024-03-25T05:36:43.222+0000] {processor.py:161} INFO - Started process (PID=41577) to work on /opt/airflow/dags/8Filesensor.py
[2024-03-25T05:36:43.223+0000] {processor.py:830} INFO - Processing file /opt/airflow/dags/8Filesensor.py for tasks to queue
[2024-03-25T05:36:43.224+0000] {logging_mixin.py:188} INFO - [2024-03-25T05:36:43.224+0000] {dagbag.py:540} INFO - Filling up the DagBag from /opt/airflow/dags/8Filesensor.py
[2024-03-25T05:36:43.238+0000] {processor.py:840} INFO - DAG(s) '7.3-filesensor' retrieved from /opt/airflow/dags/8Filesensor.py
[2024-03-25T05:36:43.254+0000] {logging_mixin.py:188} INFO - [2024-03-25T05:36:43.254+0000] {dag.py:3047} INFO - Sync 1 DAGs
[2024-03-25T05:36:43.273+0000] {logging_mixin.py:188} INFO - [2024-03-25T05:36:43.273+0000] {dag.py:3834} INFO - Setting next_dagrun for 7.3-filesensor to 2022-08-20 00:00:00+00:00, run_after=2022-08-21 00:00:00+00:00
[2024-03-25T05:36:43.298+0000] {processor.py:183} INFO - Processing /opt/airflow/dags/8Filesensor.py took 0.078 seconds
[2024-03-25T05:37:13.365+0000] {processor.py:161} INFO - Started process (PID=41642) to work on /opt/airflow/dags/8Filesensor.py
[2024-03-25T05:37:13.366+0000] {processor.py:830} INFO - Processing file /opt/airflow/dags/8Filesensor.py for tasks to queue
[2024-03-25T05:37:13.368+0000] {logging_mixin.py:188} INFO - [2024-03-25T05:37:13.368+0000] {dagbag.py:540} INFO - Filling up the DagBag from /opt/airflow/dags/8Filesensor.py
[2024-03-25T05:37:13.384+0000] {processor.py:840} INFO - DAG(s) '7.3-filesensor' retrieved from /opt/airflow/dags/8Filesensor.py
[2024-03-25T05:37:13.404+0000] {logging_mixin.py:188} INFO - [2024-03-25T05:37:13.403+0000] {dag.py:3047} INFO - Sync 1 DAGs
[2024-03-25T05:37:13.424+0000] {logging_mixin.py:188} INFO - [2024-03-25T05:37:13.424+0000] {dag.py:3834} INFO - Setting next_dagrun for 7.3-filesensor to 2022-08-20 00:00:00+00:00, run_after=2022-08-21 00:00:00+00:00
[2024-03-25T05:37:13.451+0000] {processor.py:183} INFO - Processing /opt/airflow/dags/8Filesensor.py took 0.090 seconds
[2024-03-25T05:37:44.038+0000] {processor.py:161} INFO - Started process (PID=41707) to work on /opt/airflow/dags/8Filesensor.py
[2024-03-25T05:37:44.039+0000] {processor.py:830} INFO - Processing file /opt/airflow/dags/8Filesensor.py for tasks to queue
[2024-03-25T05:37:44.041+0000] {logging_mixin.py:188} INFO - [2024-03-25T05:37:44.041+0000] {dagbag.py:540} INFO - Filling up the DagBag from /opt/airflow/dags/8Filesensor.py
[2024-03-25T05:37:44.054+0000] {processor.py:840} INFO - DAG(s) '7.3-filesensor' retrieved from /opt/airflow/dags/8Filesensor.py
[2024-03-25T05:37:44.071+0000] {logging_mixin.py:188} INFO - [2024-03-25T05:37:44.071+0000] {dag.py:3047} INFO - Sync 1 DAGs
[2024-03-25T05:37:44.091+0000] {logging_mixin.py:188} INFO - [2024-03-25T05:37:44.091+0000] {dag.py:3834} INFO - Setting next_dagrun for 7.3-filesensor to 2022-08-20 00:00:00+00:00, run_after=2022-08-21 00:00:00+00:00
[2024-03-25T05:37:44.113+0000] {processor.py:183} INFO - Processing /opt/airflow/dags/8Filesensor.py took 0.077 seconds
[2024-03-25T05:38:14.408+0000] {processor.py:161} INFO - Started process (PID=41772) to work on /opt/airflow/dags/8Filesensor.py
[2024-03-25T05:38:14.409+0000] {processor.py:830} INFO - Processing file /opt/airflow/dags/8Filesensor.py for tasks to queue
[2024-03-25T05:38:14.411+0000] {logging_mixin.py:188} INFO - [2024-03-25T05:38:14.411+0000] {dagbag.py:540} INFO - Filling up the DagBag from /opt/airflow/dags/8Filesensor.py
[2024-03-25T05:38:14.426+0000] {processor.py:840} INFO - DAG(s) '7.3-filesensor' retrieved from /opt/airflow/dags/8Filesensor.py
[2024-03-25T05:38:14.444+0000] {logging_mixin.py:188} INFO - [2024-03-25T05:38:14.444+0000] {dag.py:3047} INFO - Sync 1 DAGs
[2024-03-25T05:38:14.464+0000] {logging_mixin.py:188} INFO - [2024-03-25T05:38:14.464+0000] {dag.py:3834} INFO - Setting next_dagrun for 7.3-filesensor to 2022-08-20 00:00:00+00:00, run_after=2022-08-21 00:00:00+00:00
[2024-03-25T05:38:14.491+0000] {processor.py:183} INFO - Processing /opt/airflow/dags/8Filesensor.py took 0.086 seconds
[2024-03-25T05:38:44.885+0000] {processor.py:161} INFO - Started process (PID=41837) to work on /opt/airflow/dags/8Filesensor.py
[2024-03-25T05:38:44.886+0000] {processor.py:830} INFO - Processing file /opt/airflow/dags/8Filesensor.py for tasks to queue
[2024-03-25T05:38:44.888+0000] {logging_mixin.py:188} INFO - [2024-03-25T05:38:44.888+0000] {dagbag.py:540} INFO - Filling up the DagBag from /opt/airflow/dags/8Filesensor.py
[2024-03-25T05:38:44.903+0000] {processor.py:840} INFO - DAG(s) '7.3-filesensor' retrieved from /opt/airflow/dags/8Filesensor.py
[2024-03-25T05:38:44.922+0000] {logging_mixin.py:188} INFO - [2024-03-25T05:38:44.922+0000] {dag.py:3047} INFO - Sync 1 DAGs
[2024-03-25T05:38:44.943+0000] {logging_mixin.py:188} INFO - [2024-03-25T05:38:44.943+0000] {dag.py:3834} INFO - Setting next_dagrun for 7.3-filesensor to 2022-08-20 00:00:00+00:00, run_after=2022-08-21 00:00:00+00:00
[2024-03-25T05:38:44.962+0000] {processor.py:183} INFO - Processing /opt/airflow/dags/8Filesensor.py took 0.080 seconds
[2024-03-25T05:39:15.575+0000] {processor.py:161} INFO - Started process (PID=41902) to work on /opt/airflow/dags/8Filesensor.py
[2024-03-25T05:39:15.577+0000] {processor.py:830} INFO - Processing file /opt/airflow/dags/8Filesensor.py for tasks to queue
[2024-03-25T05:39:15.579+0000] {logging_mixin.py:188} INFO - [2024-03-25T05:39:15.579+0000] {dagbag.py:540} INFO - Filling up the DagBag from /opt/airflow/dags/8Filesensor.py
[2024-03-25T05:39:15.594+0000] {processor.py:840} INFO - DAG(s) '7.3-filesensor' retrieved from /opt/airflow/dags/8Filesensor.py
[2024-03-25T05:39:15.613+0000] {logging_mixin.py:188} INFO - [2024-03-25T05:39:15.612+0000] {dag.py:3047} INFO - Sync 1 DAGs
[2024-03-25T05:39:15.634+0000] {logging_mixin.py:188} INFO - [2024-03-25T05:39:15.634+0000] {dag.py:3834} INFO - Setting next_dagrun for 7.3-filesensor to 2022-08-20 00:00:00+00:00, run_after=2022-08-21 00:00:00+00:00
[2024-03-25T05:39:15.665+0000] {processor.py:183} INFO - Processing /opt/airflow/dags/8Filesensor.py took 0.093 seconds
[2024-03-25T05:39:45.783+0000] {processor.py:161} INFO - Started process (PID=41967) to work on /opt/airflow/dags/8Filesensor.py
[2024-03-25T05:39:45.784+0000] {processor.py:830} INFO - Processing file /opt/airflow/dags/8Filesensor.py for tasks to queue
[2024-03-25T05:39:45.785+0000] {logging_mixin.py:188} INFO - [2024-03-25T05:39:45.785+0000] {dagbag.py:540} INFO - Filling up the DagBag from /opt/airflow/dags/8Filesensor.py
[2024-03-25T05:39:45.799+0000] {processor.py:840} INFO - DAG(s) '7.3-filesensor' retrieved from /opt/airflow/dags/8Filesensor.py
[2024-03-25T05:39:45.817+0000] {logging_mixin.py:188} INFO - [2024-03-25T05:39:45.816+0000] {dag.py:3047} INFO - Sync 1 DAGs
[2024-03-25T05:39:45.838+0000] {logging_mixin.py:188} INFO - [2024-03-25T05:39:45.838+0000] {dag.py:3834} INFO - Setting next_dagrun for 7.3-filesensor to 2022-08-20 00:00:00+00:00, run_after=2022-08-21 00:00:00+00:00
[2024-03-25T05:39:45.858+0000] {processor.py:183} INFO - Processing /opt/airflow/dags/8Filesensor.py took 0.078 seconds
