[2024-03-23T23:55:29.374+0000] {processor.py:161} INFO - Started process (PID=5491) to work on /opt/airflow/dags/0-primerdag.py
[2024-03-23T23:55:29.374+0000] {processor.py:830} INFO - Processing file /opt/airflow/dags/0-primerdag.py for tasks to queue
[2024-03-23T23:55:29.376+0000] {logging_mixin.py:188} INFO - [2024-03-23T23:55:29.376+0000] {dagbag.py:540} INFO - Filling up the DagBag from /opt/airflow/dags/0-primerdag.py
[2024-03-23T23:55:29.396+0000] {processor.py:840} INFO - DAG(s) 'dag3', 'dag2', 'dag1' retrieved from /opt/airflow/dags/0-primerdag.py
[2024-03-23T23:55:29.486+0000] {logging_mixin.py:188} INFO - [2024-03-23T23:55:29.485+0000] {override.py:1769} INFO - Created Permission View: can delete on DAG:dag3
[2024-03-23T23:55:29.496+0000] {logging_mixin.py:188} INFO - [2024-03-23T23:55:29.496+0000] {override.py:1769} INFO - Created Permission View: can read on DAG:dag3
[2024-03-23T23:55:29.504+0000] {logging_mixin.py:188} INFO - [2024-03-23T23:55:29.503+0000] {override.py:1769} INFO - Created Permission View: can edit on DAG:dag3
[2024-03-23T23:55:29.517+0000] {logging_mixin.py:188} INFO - [2024-03-23T23:55:29.516+0000] {override.py:1769} INFO - Created Permission View: can delete on DAG:dag2
[2024-03-23T23:55:29.525+0000] {logging_mixin.py:188} INFO - [2024-03-23T23:55:29.524+0000] {override.py:1769} INFO - Created Permission View: can read on DAG:dag2
[2024-03-23T23:55:29.531+0000] {logging_mixin.py:188} INFO - [2024-03-23T23:55:29.531+0000] {override.py:1769} INFO - Created Permission View: can edit on DAG:dag2
[2024-03-23T23:55:29.543+0000] {logging_mixin.py:188} INFO - [2024-03-23T23:55:29.542+0000] {override.py:1769} INFO - Created Permission View: can delete on DAG:dag1
[2024-03-23T23:55:29.549+0000] {logging_mixin.py:188} INFO - [2024-03-23T23:55:29.548+0000] {override.py:1769} INFO - Created Permission View: can read on DAG:dag1
[2024-03-23T23:55:29.557+0000] {logging_mixin.py:188} INFO - [2024-03-23T23:55:29.557+0000] {override.py:1769} INFO - Created Permission View: can edit on DAG:dag1
[2024-03-23T23:55:29.558+0000] {logging_mixin.py:188} INFO - [2024-03-23T23:55:29.558+0000] {dag.py:3047} INFO - Sync 3 DAGs
[2024-03-23T23:55:29.568+0000] {logging_mixin.py:188} INFO - [2024-03-23T23:55:29.567+0000] {dag.py:3069} INFO - Creating ORM DAG for dag2
[2024-03-23T23:55:29.568+0000] {logging_mixin.py:188} INFO - [2024-03-23T23:55:29.568+0000] {dag.py:3069} INFO - Creating ORM DAG for dag3
[2024-03-23T23:55:29.569+0000] {logging_mixin.py:188} INFO - [2024-03-23T23:55:29.569+0000] {dag.py:3069} INFO - Creating ORM DAG for dag1
[2024-03-23T23:55:29.577+0000] {logging_mixin.py:188} INFO - [2024-03-23T23:55:29.576+0000] {dag.py:3834} INFO - Setting next_dagrun for dag1 to 2022-10-31 00:00:00+00:00, run_after=2022-10-31 00:00:00+00:00
[2024-03-23T23:55:29.577+0000] {logging_mixin.py:188} INFO - [2024-03-23T23:55:29.577+0000] {dag.py:3834} INFO - Setting next_dagrun for dag2 to 2022-10-31 00:00:00+00:00, run_after=2022-10-31 00:00:00+00:00
[2024-03-23T23:55:29.578+0000] {logging_mixin.py:188} INFO - [2024-03-23T23:55:29.578+0000] {dag.py:3834} INFO - Setting next_dagrun for dag3 to 2022-10-31 00:00:00+00:00, run_after=2022-10-31 00:00:00+00:00
[2024-03-23T23:55:29.598+0000] {processor.py:183} INFO - Processing /opt/airflow/dags/0-primerdag.py took 0.227 seconds
[2024-03-23T23:56:00.539+0000] {processor.py:161} INFO - Started process (PID=5547) to work on /opt/airflow/dags/0-primerdag.py
[2024-03-23T23:56:00.541+0000] {processor.py:830} INFO - Processing file /opt/airflow/dags/0-primerdag.py for tasks to queue
[2024-03-23T23:56:00.542+0000] {logging_mixin.py:188} INFO - [2024-03-23T23:56:00.542+0000] {dagbag.py:540} INFO - Filling up the DagBag from /opt/airflow/dags/0-primerdag.py
[2024-03-23T23:56:00.555+0000] {processor.py:840} INFO - DAG(s) 'dag3', 'dag1', 'dag2' retrieved from /opt/airflow/dags/0-primerdag.py
[2024-03-23T23:56:00.578+0000] {logging_mixin.py:188} INFO - [2024-03-23T23:56:00.578+0000] {dag.py:3047} INFO - Sync 3 DAGs
[2024-03-23T23:56:00.599+0000] {logging_mixin.py:188} INFO - [2024-03-23T23:56:00.599+0000] {dag.py:3834} INFO - Setting next_dagrun for dag1 to 2022-10-31 00:00:00+00:00, run_after=2022-10-31 00:00:00+00:00
[2024-03-23T23:56:00.603+0000] {logging_mixin.py:188} INFO - [2024-03-23T23:56:00.603+0000] {dag.py:3834} INFO - Setting next_dagrun for dag2 to 2022-10-31 00:00:00+00:00, run_after=2022-10-31 00:00:00+00:00
[2024-03-23T23:56:00.605+0000] {logging_mixin.py:188} INFO - [2024-03-23T23:56:00.605+0000] {dag.py:3834} INFO - Setting next_dagrun for dag3 to 2022-10-31 00:00:00+00:00, run_after=2022-10-31 00:00:00+00:00
[2024-03-23T23:56:00.625+0000] {processor.py:183} INFO - Processing /opt/airflow/dags/0-primerdag.py took 0.089 seconds
[2024-03-23T23:56:31.007+0000] {processor.py:161} INFO - Started process (PID=5603) to work on /opt/airflow/dags/0-primerdag.py
[2024-03-23T23:56:31.008+0000] {processor.py:830} INFO - Processing file /opt/airflow/dags/0-primerdag.py for tasks to queue
[2024-03-23T23:56:31.010+0000] {logging_mixin.py:188} INFO - [2024-03-23T23:56:31.009+0000] {dagbag.py:540} INFO - Filling up the DagBag from /opt/airflow/dags/0-primerdag.py
[2024-03-23T23:56:31.021+0000] {processor.py:840} INFO - DAG(s) 'dag3', 'dag1', 'dag2' retrieved from /opt/airflow/dags/0-primerdag.py
[2024-03-23T23:56:31.042+0000] {logging_mixin.py:188} INFO - [2024-03-23T23:56:31.042+0000] {dag.py:3047} INFO - Sync 3 DAGs
[2024-03-23T23:56:31.061+0000] {logging_mixin.py:188} INFO - [2024-03-23T23:56:31.061+0000] {dag.py:3834} INFO - Setting next_dagrun for dag1 to 2022-10-31 00:00:00+00:00, run_after=2022-10-31 00:00:00+00:00
[2024-03-23T23:56:31.064+0000] {logging_mixin.py:188} INFO - [2024-03-23T23:56:31.064+0000] {dag.py:3834} INFO - Setting next_dagrun for dag2 to 2022-10-31 00:00:00+00:00, run_after=2022-10-31 00:00:00+00:00
[2024-03-23T23:56:31.066+0000] {logging_mixin.py:188} INFO - [2024-03-23T23:56:31.066+0000] {dag.py:3834} INFO - Setting next_dagrun for dag3 to 2022-10-31 00:00:00+00:00, run_after=2022-10-31 00:00:00+00:00
[2024-03-23T23:56:31.081+0000] {processor.py:183} INFO - Processing /opt/airflow/dags/0-primerdag.py took 0.076 seconds
[2024-03-23T23:57:01.350+0000] {processor.py:161} INFO - Started process (PID=5659) to work on /opt/airflow/dags/0-primerdag.py
[2024-03-23T23:57:01.351+0000] {processor.py:830} INFO - Processing file /opt/airflow/dags/0-primerdag.py for tasks to queue
[2024-03-23T23:57:01.354+0000] {logging_mixin.py:188} INFO - [2024-03-23T23:57:01.353+0000] {dagbag.py:540} INFO - Filling up the DagBag from /opt/airflow/dags/0-primerdag.py
[2024-03-23T23:57:01.365+0000] {processor.py:840} INFO - DAG(s) 'dag1', 'dag3', 'dag2' retrieved from /opt/airflow/dags/0-primerdag.py
[2024-03-23T23:57:01.389+0000] {logging_mixin.py:188} INFO - [2024-03-23T23:57:01.389+0000] {dag.py:3047} INFO - Sync 3 DAGs
[2024-03-23T23:57:01.409+0000] {logging_mixin.py:188} INFO - [2024-03-23T23:57:01.409+0000] {dag.py:3834} INFO - Setting next_dagrun for dag1 to 2022-10-31 00:00:00+00:00, run_after=2022-10-31 00:00:00+00:00
[2024-03-23T23:57:01.412+0000] {logging_mixin.py:188} INFO - [2024-03-23T23:57:01.412+0000] {dag.py:3834} INFO - Setting next_dagrun for dag2 to 2022-10-31 00:00:00+00:00, run_after=2022-10-31 00:00:00+00:00
[2024-03-23T23:57:01.414+0000] {logging_mixin.py:188} INFO - [2024-03-23T23:57:01.414+0000] {dag.py:3834} INFO - Setting next_dagrun for dag3 to 2022-10-31 00:00:00+00:00, run_after=2022-10-31 00:00:00+00:00
[2024-03-23T23:57:01.439+0000] {processor.py:183} INFO - Processing /opt/airflow/dags/0-primerdag.py took 0.092 seconds
[2024-03-23T23:57:31.771+0000] {processor.py:161} INFO - Started process (PID=5715) to work on /opt/airflow/dags/0-primerdag.py
[2024-03-23T23:57:31.771+0000] {processor.py:830} INFO - Processing file /opt/airflow/dags/0-primerdag.py for tasks to queue
[2024-03-23T23:57:31.773+0000] {logging_mixin.py:188} INFO - [2024-03-23T23:57:31.773+0000] {dagbag.py:540} INFO - Filling up the DagBag from /opt/airflow/dags/0-primerdag.py
[2024-03-23T23:57:31.783+0000] {processor.py:840} INFO - DAG(s) 'dag3', 'dag1', 'dag2' retrieved from /opt/airflow/dags/0-primerdag.py
[2024-03-23T23:57:31.803+0000] {logging_mixin.py:188} INFO - [2024-03-23T23:57:31.803+0000] {dag.py:3047} INFO - Sync 3 DAGs
[2024-03-23T23:57:31.822+0000] {logging_mixin.py:188} INFO - [2024-03-23T23:57:31.821+0000] {dag.py:3834} INFO - Setting next_dagrun for dag1 to 2022-10-31 00:00:00+00:00, run_after=2022-10-31 00:00:00+00:00
[2024-03-23T23:57:31.825+0000] {logging_mixin.py:188} INFO - [2024-03-23T23:57:31.825+0000] {dag.py:3834} INFO - Setting next_dagrun for dag2 to 2022-10-31 00:00:00+00:00, run_after=2022-10-31 00:00:00+00:00
[2024-03-23T23:57:31.827+0000] {logging_mixin.py:188} INFO - [2024-03-23T23:57:31.826+0000] {dag.py:3834} INFO - Setting next_dagrun for dag3 to 2022-10-31 00:00:00+00:00, run_after=2022-10-31 00:00:00+00:00
[2024-03-23T23:57:31.841+0000] {processor.py:183} INFO - Processing /opt/airflow/dags/0-primerdag.py took 0.073 seconds
[2024-03-23T23:58:02.251+0000] {processor.py:161} INFO - Started process (PID=5771) to work on /opt/airflow/dags/0-primerdag.py
[2024-03-23T23:58:02.252+0000] {processor.py:830} INFO - Processing file /opt/airflow/dags/0-primerdag.py for tasks to queue
[2024-03-23T23:58:02.254+0000] {logging_mixin.py:188} INFO - [2024-03-23T23:58:02.254+0000] {dagbag.py:540} INFO - Filling up the DagBag from /opt/airflow/dags/0-primerdag.py
[2024-03-23T23:58:02.263+0000] {processor.py:840} INFO - DAG(s) 'dag1', 'dag2', 'dag3' retrieved from /opt/airflow/dags/0-primerdag.py
[2024-03-23T23:58:02.282+0000] {logging_mixin.py:188} INFO - [2024-03-23T23:58:02.281+0000] {dag.py:3047} INFO - Sync 3 DAGs
[2024-03-23T23:58:02.300+0000] {logging_mixin.py:188} INFO - [2024-03-23T23:58:02.300+0000] {dag.py:3834} INFO - Setting next_dagrun for dag1 to 2022-10-31 00:00:00+00:00, run_after=2022-10-31 00:00:00+00:00
[2024-03-23T23:58:02.304+0000] {logging_mixin.py:188} INFO - [2024-03-23T23:58:02.304+0000] {dag.py:3834} INFO - Setting next_dagrun for dag2 to 2022-10-31 00:00:00+00:00, run_after=2022-10-31 00:00:00+00:00
[2024-03-23T23:58:02.305+0000] {logging_mixin.py:188} INFO - [2024-03-23T23:58:02.305+0000] {dag.py:3834} INFO - Setting next_dagrun for dag3 to 2022-10-31 00:00:00+00:00, run_after=2022-10-31 00:00:00+00:00
[2024-03-23T23:58:02.327+0000] {processor.py:183} INFO - Processing /opt/airflow/dags/0-primerdag.py took 0.079 seconds
[2024-03-23T23:58:32.547+0000] {processor.py:161} INFO - Started process (PID=5827) to work on /opt/airflow/dags/0-primerdag.py
[2024-03-23T23:58:32.548+0000] {processor.py:830} INFO - Processing file /opt/airflow/dags/0-primerdag.py for tasks to queue
[2024-03-23T23:58:32.550+0000] {logging_mixin.py:188} INFO - [2024-03-23T23:58:32.549+0000] {dagbag.py:540} INFO - Filling up the DagBag from /opt/airflow/dags/0-primerdag.py
[2024-03-23T23:58:32.561+0000] {processor.py:840} INFO - DAG(s) 'dag1', 'dag3', 'dag2' retrieved from /opt/airflow/dags/0-primerdag.py
[2024-03-23T23:58:32.582+0000] {logging_mixin.py:188} INFO - [2024-03-23T23:58:32.582+0000] {dag.py:3047} INFO - Sync 3 DAGs
[2024-03-23T23:58:32.602+0000] {logging_mixin.py:188} INFO - [2024-03-23T23:58:32.601+0000] {dag.py:3834} INFO - Setting next_dagrun for dag1 to 2022-10-31 00:00:00+00:00, run_after=2022-10-31 00:00:00+00:00
[2024-03-23T23:58:32.605+0000] {logging_mixin.py:188} INFO - [2024-03-23T23:58:32.605+0000] {dag.py:3834} INFO - Setting next_dagrun for dag2 to 2022-10-31 00:00:00+00:00, run_after=2022-10-31 00:00:00+00:00
[2024-03-23T23:58:32.606+0000] {logging_mixin.py:188} INFO - [2024-03-23T23:58:32.606+0000] {dag.py:3834} INFO - Setting next_dagrun for dag3 to 2022-10-31 00:00:00+00:00, run_after=2022-10-31 00:00:00+00:00
[2024-03-23T23:58:32.626+0000] {processor.py:183} INFO - Processing /opt/airflow/dags/0-primerdag.py took 0.082 seconds
[2024-03-23T23:59:03.021+0000] {processor.py:161} INFO - Started process (PID=5883) to work on /opt/airflow/dags/0-primerdag.py
[2024-03-23T23:59:03.022+0000] {processor.py:830} INFO - Processing file /opt/airflow/dags/0-primerdag.py for tasks to queue
[2024-03-23T23:59:03.024+0000] {logging_mixin.py:188} INFO - [2024-03-23T23:59:03.023+0000] {dagbag.py:540} INFO - Filling up the DagBag from /opt/airflow/dags/0-primerdag.py
[2024-03-23T23:59:03.035+0000] {processor.py:840} INFO - DAG(s) 'dag2', 'dag1', 'dag3' retrieved from /opt/airflow/dags/0-primerdag.py
[2024-03-23T23:59:03.057+0000] {logging_mixin.py:188} INFO - [2024-03-23T23:59:03.057+0000] {dag.py:3047} INFO - Sync 3 DAGs
[2024-03-23T23:59:03.077+0000] {logging_mixin.py:188} INFO - [2024-03-23T23:59:03.076+0000] {dag.py:3834} INFO - Setting next_dagrun for dag1 to 2022-10-31 00:00:00+00:00, run_after=2022-10-31 00:00:00+00:00
[2024-03-23T23:59:03.081+0000] {logging_mixin.py:188} INFO - [2024-03-23T23:59:03.081+0000] {dag.py:3834} INFO - Setting next_dagrun for dag2 to 2022-10-31 00:00:00+00:00, run_after=2022-10-31 00:00:00+00:00
[2024-03-23T23:59:03.083+0000] {logging_mixin.py:188} INFO - [2024-03-23T23:59:03.083+0000] {dag.py:3834} INFO - Setting next_dagrun for dag3 to 2022-10-31 00:00:00+00:00, run_after=2022-10-31 00:00:00+00:00
[2024-03-23T23:59:03.101+0000] {processor.py:183} INFO - Processing /opt/airflow/dags/0-primerdag.py took 0.083 seconds
[2024-03-23T23:59:33.492+0000] {processor.py:161} INFO - Started process (PID=5939) to work on /opt/airflow/dags/0-primerdag.py
[2024-03-23T23:59:33.493+0000] {processor.py:830} INFO - Processing file /opt/airflow/dags/0-primerdag.py for tasks to queue
[2024-03-23T23:59:33.496+0000] {logging_mixin.py:188} INFO - [2024-03-23T23:59:33.496+0000] {dagbag.py:540} INFO - Filling up the DagBag from /opt/airflow/dags/0-primerdag.py
[2024-03-23T23:59:33.511+0000] {processor.py:840} INFO - DAG(s) 'dag1', 'dag2', 'dag3' retrieved from /opt/airflow/dags/0-primerdag.py
[2024-03-23T23:59:33.534+0000] {logging_mixin.py:188} INFO - [2024-03-23T23:59:33.534+0000] {dag.py:3047} INFO - Sync 3 DAGs
[2024-03-23T23:59:33.555+0000] {logging_mixin.py:188} INFO - [2024-03-23T23:59:33.555+0000] {dag.py:3834} INFO - Setting next_dagrun for dag1 to 2022-10-31 00:00:00+00:00, run_after=2022-10-31 00:00:00+00:00
[2024-03-23T23:59:33.559+0000] {logging_mixin.py:188} INFO - [2024-03-23T23:59:33.559+0000] {dag.py:3834} INFO - Setting next_dagrun for dag2 to 2022-10-31 00:00:00+00:00, run_after=2022-10-31 00:00:00+00:00
[2024-03-23T23:59:33.560+0000] {logging_mixin.py:188} INFO - [2024-03-23T23:59:33.560+0000] {dag.py:3834} INFO - Setting next_dagrun for dag3 to 2022-10-31 00:00:00+00:00, run_after=2022-10-31 00:00:00+00:00
[2024-03-23T23:59:33.577+0000] {processor.py:183} INFO - Processing /opt/airflow/dags/0-primerdag.py took 0.091 seconds
