[2024-03-25T04:42:55.412+0000] {processor.py:161} INFO - Started process (PID=34734) to work on /opt/airflow/dags/6-triggerrule.py
[2024-03-25T04:42:55.413+0000] {processor.py:830} INFO - Processing file /opt/airflow/dags/6-triggerrule.py for tasks to queue
[2024-03-25T04:42:55.415+0000] {logging_mixin.py:188} INFO - [2024-03-25T04:42:55.415+0000] {dagbag.py:540} INFO - Filling up the DagBag from /opt/airflow/dags/6-triggerrule.py
[2024-03-25T04:42:55.432+0000] {processor.py:840} INFO - DAG(s) '6.2-monitoring' retrieved from /opt/airflow/dags/6-triggerrule.py
[2024-03-25T04:42:55.516+0000] {logging_mixin.py:188} INFO - [2024-03-25T04:42:55.515+0000] {override.py:1769} INFO - Created Permission View: can edit on DAG:6.2-monitoring
[2024-03-25T04:42:55.525+0000] {logging_mixin.py:188} INFO - [2024-03-25T04:42:55.525+0000] {override.py:1769} INFO - Created Permission View: can read on DAG:6.2-monitoring
[2024-03-25T04:42:55.532+0000] {logging_mixin.py:188} INFO - [2024-03-25T04:42:55.532+0000] {override.py:1769} INFO - Created Permission View: can delete on DAG:6.2-monitoring
[2024-03-25T04:42:55.533+0000] {logging_mixin.py:188} INFO - [2024-03-25T04:42:55.533+0000] {dag.py:3047} INFO - Sync 1 DAGs
[2024-03-25T04:42:55.542+0000] {logging_mixin.py:188} INFO - [2024-03-25T04:42:55.542+0000] {dag.py:3069} INFO - Creating ORM DAG for 6.2-monitoring
[2024-03-25T04:42:55.551+0000] {logging_mixin.py:188} INFO - [2024-03-25T04:42:55.551+0000] {dag.py:3834} INFO - Setting next_dagrun for 6.2-monitoring to 2022-01-01 00:00:00+00:00, run_after=2022-01-02 00:00:00+00:00
[2024-03-25T04:42:55.570+0000] {processor.py:183} INFO - Processing /opt/airflow/dags/6-triggerrule.py took 0.160 seconds
[2024-03-25T04:43:25.660+0000] {processor.py:161} INFO - Started process (PID=34799) to work on /opt/airflow/dags/6-triggerrule.py
[2024-03-25T04:43:25.661+0000] {processor.py:830} INFO - Processing file /opt/airflow/dags/6-triggerrule.py for tasks to queue
[2024-03-25T04:43:25.662+0000] {logging_mixin.py:188} INFO - [2024-03-25T04:43:25.662+0000] {dagbag.py:540} INFO - Filling up the DagBag from /opt/airflow/dags/6-triggerrule.py
[2024-03-25T04:43:25.674+0000] {processor.py:840} INFO - DAG(s) '6.2-monitoring' retrieved from /opt/airflow/dags/6-triggerrule.py
[2024-03-25T04:43:25.690+0000] {logging_mixin.py:188} INFO - [2024-03-25T04:43:25.690+0000] {dag.py:3047} INFO - Sync 1 DAGs
[2024-03-25T04:43:25.707+0000] {logging_mixin.py:188} INFO - [2024-03-25T04:43:25.707+0000] {dag.py:3834} INFO - Setting next_dagrun for 6.2-monitoring to 2022-01-01 00:00:00+00:00, run_after=2022-01-02 00:00:00+00:00
[2024-03-25T04:43:25.725+0000] {processor.py:183} INFO - Processing /opt/airflow/dags/6-triggerrule.py took 0.068 seconds
[2024-03-25T04:43:56.023+0000] {processor.py:161} INFO - Started process (PID=34862) to work on /opt/airflow/dags/6-triggerrule.py
[2024-03-25T04:43:56.024+0000] {processor.py:830} INFO - Processing file /opt/airflow/dags/6-triggerrule.py for tasks to queue
[2024-03-25T04:43:56.025+0000] {logging_mixin.py:188} INFO - [2024-03-25T04:43:56.025+0000] {dagbag.py:540} INFO - Filling up the DagBag from /opt/airflow/dags/6-triggerrule.py
[2024-03-25T04:43:56.039+0000] {processor.py:840} INFO - DAG(s) '6.2-monitoring' retrieved from /opt/airflow/dags/6-triggerrule.py
[2024-03-25T04:43:56.055+0000] {logging_mixin.py:188} INFO - [2024-03-25T04:43:56.055+0000] {dag.py:3047} INFO - Sync 1 DAGs
[2024-03-25T04:43:56.072+0000] {logging_mixin.py:188} INFO - [2024-03-25T04:43:56.072+0000] {dag.py:3834} INFO - Setting next_dagrun for 6.2-monitoring to 2022-01-01 00:00:00+00:00, run_after=2022-01-02 00:00:00+00:00
[2024-03-25T04:43:56.090+0000] {processor.py:183} INFO - Processing /opt/airflow/dags/6-triggerrule.py took 0.070 seconds
[2024-03-25T04:44:26.239+0000] {processor.py:161} INFO - Started process (PID=34926) to work on /opt/airflow/dags/6-triggerrule.py
[2024-03-25T04:44:26.241+0000] {processor.py:830} INFO - Processing file /opt/airflow/dags/6-triggerrule.py for tasks to queue
[2024-03-25T04:44:26.245+0000] {logging_mixin.py:188} INFO - [2024-03-25T04:44:26.244+0000] {dagbag.py:540} INFO - Filling up the DagBag from /opt/airflow/dags/6-triggerrule.py
[2024-03-25T04:44:26.266+0000] {processor.py:840} INFO - DAG(s) '6.2-monitoring' retrieved from /opt/airflow/dags/6-triggerrule.py
[2024-03-25T04:44:26.283+0000] {logging_mixin.py:188} INFO - [2024-03-25T04:44:26.283+0000] {dag.py:3047} INFO - Sync 1 DAGs
[2024-03-25T04:44:26.307+0000] {logging_mixin.py:188} INFO - [2024-03-25T04:44:26.307+0000] {dag.py:3834} INFO - Setting next_dagrun for 6.2-monitoring to 2022-01-01 00:00:00+00:00, run_after=2022-01-02 00:00:00+00:00
[2024-03-25T04:44:26.334+0000] {processor.py:183} INFO - Processing /opt/airflow/dags/6-triggerrule.py took 0.100 seconds
[2024-03-25T04:44:56.770+0000] {processor.py:161} INFO - Started process (PID=34990) to work on /opt/airflow/dags/6-triggerrule.py
[2024-03-25T04:44:56.772+0000] {processor.py:830} INFO - Processing file /opt/airflow/dags/6-triggerrule.py for tasks to queue
[2024-03-25T04:44:56.773+0000] {logging_mixin.py:188} INFO - [2024-03-25T04:44:56.773+0000] {dagbag.py:540} INFO - Filling up the DagBag from /opt/airflow/dags/6-triggerrule.py
[2024-03-25T04:44:56.786+0000] {processor.py:840} INFO - DAG(s) '6.2-monitoring' retrieved from /opt/airflow/dags/6-triggerrule.py
[2024-03-25T04:44:56.804+0000] {logging_mixin.py:188} INFO - [2024-03-25T04:44:56.803+0000] {dag.py:3047} INFO - Sync 1 DAGs
[2024-03-25T04:44:56.821+0000] {logging_mixin.py:188} INFO - [2024-03-25T04:44:56.820+0000] {dag.py:3834} INFO - Setting next_dagrun for 6.2-monitoring to 2022-01-01 00:00:00+00:00, run_after=2022-01-02 00:00:00+00:00
[2024-03-25T04:44:56.839+0000] {processor.py:183} INFO - Processing /opt/airflow/dags/6-triggerrule.py took 0.071 seconds
[2024-03-25T04:45:26.947+0000] {processor.py:161} INFO - Started process (PID=35054) to work on /opt/airflow/dags/6-triggerrule.py
[2024-03-25T04:45:26.947+0000] {processor.py:830} INFO - Processing file /opt/airflow/dags/6-triggerrule.py for tasks to queue
[2024-03-25T04:45:26.949+0000] {logging_mixin.py:188} INFO - [2024-03-25T04:45:26.949+0000] {dagbag.py:540} INFO - Filling up the DagBag from /opt/airflow/dags/6-triggerrule.py
[2024-03-25T04:45:26.962+0000] {processor.py:840} INFO - DAG(s) '6.2-monitoring' retrieved from /opt/airflow/dags/6-triggerrule.py
[2024-03-25T04:45:26.979+0000] {logging_mixin.py:188} INFO - [2024-03-25T04:45:26.978+0000] {dag.py:3047} INFO - Sync 1 DAGs
[2024-03-25T04:45:26.996+0000] {logging_mixin.py:188} INFO - [2024-03-25T04:45:26.996+0000] {dag.py:3834} INFO - Setting next_dagrun for 6.2-monitoring to 2022-01-01 00:00:00+00:00, run_after=2022-01-02 00:00:00+00:00
[2024-03-25T04:45:27.022+0000] {processor.py:183} INFO - Processing /opt/airflow/dags/6-triggerrule.py took 0.079 seconds
[2024-03-25T04:45:57.263+0000] {processor.py:161} INFO - Started process (PID=35118) to work on /opt/airflow/dags/6-triggerrule.py
[2024-03-25T04:45:57.264+0000] {processor.py:830} INFO - Processing file /opt/airflow/dags/6-triggerrule.py for tasks to queue
[2024-03-25T04:45:57.265+0000] {logging_mixin.py:188} INFO - [2024-03-25T04:45:57.265+0000] {dagbag.py:540} INFO - Filling up the DagBag from /opt/airflow/dags/6-triggerrule.py
[2024-03-25T04:45:57.278+0000] {processor.py:840} INFO - DAG(s) '6.2-monitoring' retrieved from /opt/airflow/dags/6-triggerrule.py
[2024-03-25T04:45:57.294+0000] {logging_mixin.py:188} INFO - [2024-03-25T04:45:57.294+0000] {dag.py:3047} INFO - Sync 1 DAGs
[2024-03-25T04:45:57.312+0000] {logging_mixin.py:188} INFO - [2024-03-25T04:45:57.312+0000] {dag.py:3834} INFO - Setting next_dagrun for 6.2-monitoring to 2022-01-01 00:00:00+00:00, run_after=2022-01-02 00:00:00+00:00
[2024-03-25T04:45:57.329+0000] {processor.py:183} INFO - Processing /opt/airflow/dags/6-triggerrule.py took 0.069 seconds
[2024-03-25T04:46:27.552+0000] {processor.py:161} INFO - Started process (PID=35182) to work on /opt/airflow/dags/6-triggerrule.py
[2024-03-25T04:46:27.553+0000] {processor.py:830} INFO - Processing file /opt/airflow/dags/6-triggerrule.py for tasks to queue
[2024-03-25T04:46:27.554+0000] {logging_mixin.py:188} INFO - [2024-03-25T04:46:27.554+0000] {dagbag.py:540} INFO - Filling up the DagBag from /opt/airflow/dags/6-triggerrule.py
[2024-03-25T04:46:27.568+0000] {processor.py:840} INFO - DAG(s) '6.2-monitoring' retrieved from /opt/airflow/dags/6-triggerrule.py
[2024-03-25T04:46:27.584+0000] {logging_mixin.py:188} INFO - [2024-03-25T04:46:27.584+0000] {dag.py:3047} INFO - Sync 1 DAGs
[2024-03-25T04:46:27.604+0000] {logging_mixin.py:188} INFO - [2024-03-25T04:46:27.604+0000] {dag.py:3834} INFO - Setting next_dagrun for 6.2-monitoring to 2022-01-01 00:00:00+00:00, run_after=2022-01-02 00:00:00+00:00
[2024-03-25T04:46:27.631+0000] {processor.py:183} INFO - Processing /opt/airflow/dags/6-triggerrule.py took 0.082 seconds
[2024-03-25T04:46:57.920+0000] {processor.py:161} INFO - Started process (PID=35246) to work on /opt/airflow/dags/6-triggerrule.py
[2024-03-25T04:46:57.921+0000] {processor.py:830} INFO - Processing file /opt/airflow/dags/6-triggerrule.py for tasks to queue
[2024-03-25T04:46:57.922+0000] {logging_mixin.py:188} INFO - [2024-03-25T04:46:57.922+0000] {dagbag.py:540} INFO - Filling up the DagBag from /opt/airflow/dags/6-triggerrule.py
[2024-03-25T04:46:57.935+0000] {processor.py:840} INFO - DAG(s) '6.2-monitoring' retrieved from /opt/airflow/dags/6-triggerrule.py
[2024-03-25T04:46:57.952+0000] {logging_mixin.py:188} INFO - [2024-03-25T04:46:57.952+0000] {dag.py:3047} INFO - Sync 1 DAGs
[2024-03-25T04:46:57.970+0000] {logging_mixin.py:188} INFO - [2024-03-25T04:46:57.970+0000] {dag.py:3834} INFO - Setting next_dagrun for 6.2-monitoring to 2022-01-01 00:00:00+00:00, run_after=2022-01-02 00:00:00+00:00
[2024-03-25T04:46:57.988+0000] {processor.py:183} INFO - Processing /opt/airflow/dags/6-triggerrule.py took 0.071 seconds
[2024-03-25T04:47:28.176+0000] {processor.py:161} INFO - Started process (PID=35310) to work on /opt/airflow/dags/6-triggerrule.py
[2024-03-25T04:47:28.177+0000] {processor.py:830} INFO - Processing file /opt/airflow/dags/6-triggerrule.py for tasks to queue
[2024-03-25T04:47:28.178+0000] {logging_mixin.py:188} INFO - [2024-03-25T04:47:28.178+0000] {dagbag.py:540} INFO - Filling up the DagBag from /opt/airflow/dags/6-triggerrule.py
[2024-03-25T04:47:28.191+0000] {processor.py:840} INFO - DAG(s) '6.2-monitoring' retrieved from /opt/airflow/dags/6-triggerrule.py
[2024-03-25T04:47:28.207+0000] {logging_mixin.py:188} INFO - [2024-03-25T04:47:28.207+0000] {dag.py:3047} INFO - Sync 1 DAGs
[2024-03-25T04:47:28.226+0000] {logging_mixin.py:188} INFO - [2024-03-25T04:47:28.226+0000] {dag.py:3834} INFO - Setting next_dagrun for 6.2-monitoring to 2022-01-01 00:00:00+00:00, run_after=2022-01-02 00:00:00+00:00
[2024-03-25T04:47:28.251+0000] {processor.py:183} INFO - Processing /opt/airflow/dags/6-triggerrule.py took 0.078 seconds
[2024-03-25T04:47:58.620+0000] {processor.py:161} INFO - Started process (PID=35374) to work on /opt/airflow/dags/6-triggerrule.py
[2024-03-25T04:47:58.621+0000] {processor.py:830} INFO - Processing file /opt/airflow/dags/6-triggerrule.py for tasks to queue
[2024-03-25T04:47:58.622+0000] {logging_mixin.py:188} INFO - [2024-03-25T04:47:58.622+0000] {dagbag.py:540} INFO - Filling up the DagBag from /opt/airflow/dags/6-triggerrule.py
[2024-03-25T04:47:58.635+0000] {processor.py:840} INFO - DAG(s) '6.2-monitoring' retrieved from /opt/airflow/dags/6-triggerrule.py
[2024-03-25T04:47:58.651+0000] {logging_mixin.py:188} INFO - [2024-03-25T04:47:58.651+0000] {dag.py:3047} INFO - Sync 1 DAGs
[2024-03-25T04:47:58.669+0000] {logging_mixin.py:188} INFO - [2024-03-25T04:47:58.669+0000] {dag.py:3834} INFO - Setting next_dagrun for 6.2-monitoring to 2022-01-01 00:00:00+00:00, run_after=2022-01-02 00:00:00+00:00
[2024-03-25T04:47:58.694+0000] {processor.py:183} INFO - Processing /opt/airflow/dags/6-triggerrule.py took 0.077 seconds
[2024-03-25T04:48:29.041+0000] {processor.py:161} INFO - Started process (PID=35438) to work on /opt/airflow/dags/6-triggerrule.py
[2024-03-25T04:48:29.042+0000] {processor.py:830} INFO - Processing file /opt/airflow/dags/6-triggerrule.py for tasks to queue
[2024-03-25T04:48:29.043+0000] {logging_mixin.py:188} INFO - [2024-03-25T04:48:29.043+0000] {dagbag.py:540} INFO - Filling up the DagBag from /opt/airflow/dags/6-triggerrule.py
[2024-03-25T04:48:29.055+0000] {processor.py:840} INFO - DAG(s) '6.2-monitoring' retrieved from /opt/airflow/dags/6-triggerrule.py
[2024-03-25T04:48:29.070+0000] {logging_mixin.py:188} INFO - [2024-03-25T04:48:29.070+0000] {dag.py:3047} INFO - Sync 1 DAGs
[2024-03-25T04:48:29.088+0000] {logging_mixin.py:188} INFO - [2024-03-25T04:48:29.088+0000] {dag.py:3834} INFO - Setting next_dagrun for 6.2-monitoring to 2022-01-01 00:00:00+00:00, run_after=2022-01-02 00:00:00+00:00
[2024-03-25T04:48:29.112+0000] {processor.py:183} INFO - Processing /opt/airflow/dags/6-triggerrule.py took 0.074 seconds
[2024-03-25T04:48:59.535+0000] {processor.py:161} INFO - Started process (PID=35502) to work on /opt/airflow/dags/6-triggerrule.py
[2024-03-25T04:48:59.536+0000] {processor.py:830} INFO - Processing file /opt/airflow/dags/6-triggerrule.py for tasks to queue
[2024-03-25T04:48:59.537+0000] {logging_mixin.py:188} INFO - [2024-03-25T04:48:59.537+0000] {dagbag.py:540} INFO - Filling up the DagBag from /opt/airflow/dags/6-triggerrule.py
[2024-03-25T04:48:59.551+0000] {processor.py:840} INFO - DAG(s) '6.2-monitoring' retrieved from /opt/airflow/dags/6-triggerrule.py
[2024-03-25T04:48:59.569+0000] {logging_mixin.py:188} INFO - [2024-03-25T04:48:59.569+0000] {dag.py:3047} INFO - Sync 1 DAGs
[2024-03-25T04:48:59.588+0000] {logging_mixin.py:188} INFO - [2024-03-25T04:48:59.588+0000] {dag.py:3834} INFO - Setting next_dagrun for 6.2-monitoring to 2022-01-01 00:00:00+00:00, run_after=2022-01-02 00:00:00+00:00
[2024-03-25T04:48:59.616+0000] {processor.py:183} INFO - Processing /opt/airflow/dags/6-triggerrule.py took 0.084 seconds
[2024-03-25T04:49:29.852+0000] {processor.py:161} INFO - Started process (PID=35566) to work on /opt/airflow/dags/6-triggerrule.py
[2024-03-25T04:49:29.853+0000] {processor.py:830} INFO - Processing file /opt/airflow/dags/6-triggerrule.py for tasks to queue
[2024-03-25T04:49:29.854+0000] {logging_mixin.py:188} INFO - [2024-03-25T04:49:29.854+0000] {dagbag.py:540} INFO - Filling up the DagBag from /opt/airflow/dags/6-triggerrule.py
[2024-03-25T04:49:29.866+0000] {processor.py:840} INFO - DAG(s) '6.2-monitoring' retrieved from /opt/airflow/dags/6-triggerrule.py
[2024-03-25T04:49:29.883+0000] {logging_mixin.py:188} INFO - [2024-03-25T04:49:29.883+0000] {dag.py:3047} INFO - Sync 1 DAGs
[2024-03-25T04:49:29.902+0000] {logging_mixin.py:188} INFO - [2024-03-25T04:49:29.902+0000] {dag.py:3834} INFO - Setting next_dagrun for 6.2-monitoring to 2022-01-01 00:00:00+00:00, run_after=2022-01-02 00:00:00+00:00
[2024-03-25T04:49:30.030+0000] {processor.py:183} INFO - Processing /opt/airflow/dags/6-triggerrule.py took 0.181 seconds
[2024-03-25T04:50:00.472+0000] {processor.py:161} INFO - Started process (PID=35630) to work on /opt/airflow/dags/6-triggerrule.py
[2024-03-25T04:50:00.473+0000] {processor.py:830} INFO - Processing file /opt/airflow/dags/6-triggerrule.py for tasks to queue
[2024-03-25T04:50:00.475+0000] {logging_mixin.py:188} INFO - [2024-03-25T04:50:00.475+0000] {dagbag.py:540} INFO - Filling up the DagBag from /opt/airflow/dags/6-triggerrule.py
[2024-03-25T04:50:00.491+0000] {processor.py:840} INFO - DAG(s) '6.2-monitoring' retrieved from /opt/airflow/dags/6-triggerrule.py
[2024-03-25T04:50:00.507+0000] {logging_mixin.py:188} INFO - [2024-03-25T04:50:00.507+0000] {dag.py:3047} INFO - Sync 1 DAGs
[2024-03-25T04:50:00.528+0000] {logging_mixin.py:188} INFO - [2024-03-25T04:50:00.528+0000] {dag.py:3834} INFO - Setting next_dagrun for 6.2-monitoring to 2022-01-01 00:00:00+00:00, run_after=2022-01-02 00:00:00+00:00
[2024-03-25T04:50:00.546+0000] {processor.py:183} INFO - Processing /opt/airflow/dags/6-triggerrule.py took 0.077 seconds
[2024-03-25T04:50:31.076+0000] {processor.py:161} INFO - Started process (PID=35694) to work on /opt/airflow/dags/6-triggerrule.py
[2024-03-25T04:50:31.077+0000] {processor.py:830} INFO - Processing file /opt/airflow/dags/6-triggerrule.py for tasks to queue
[2024-03-25T04:50:31.079+0000] {logging_mixin.py:188} INFO - [2024-03-25T04:50:31.078+0000] {dagbag.py:540} INFO - Filling up the DagBag from /opt/airflow/dags/6-triggerrule.py
[2024-03-25T04:50:31.091+0000] {processor.py:840} INFO - DAG(s) '6.2-monitoring' retrieved from /opt/airflow/dags/6-triggerrule.py
[2024-03-25T04:50:31.107+0000] {logging_mixin.py:188} INFO - [2024-03-25T04:50:31.107+0000] {dag.py:3047} INFO - Sync 1 DAGs
[2024-03-25T04:50:31.125+0000] {logging_mixin.py:188} INFO - [2024-03-25T04:50:31.125+0000] {dag.py:3834} INFO - Setting next_dagrun for 6.2-monitoring to 2022-01-01 00:00:00+00:00, run_after=2022-01-02 00:00:00+00:00
[2024-03-25T04:50:31.143+0000] {processor.py:183} INFO - Processing /opt/airflow/dags/6-triggerrule.py took 0.070 seconds
[2024-03-25T04:51:01.386+0000] {processor.py:161} INFO - Started process (PID=35758) to work on /opt/airflow/dags/6-triggerrule.py
[2024-03-25T04:51:01.387+0000] {processor.py:830} INFO - Processing file /opt/airflow/dags/6-triggerrule.py for tasks to queue
[2024-03-25T04:51:01.388+0000] {logging_mixin.py:188} INFO - [2024-03-25T04:51:01.388+0000] {dagbag.py:540} INFO - Filling up the DagBag from /opt/airflow/dags/6-triggerrule.py
[2024-03-25T04:51:01.402+0000] {processor.py:840} INFO - DAG(s) '6.2-monitoring' retrieved from /opt/airflow/dags/6-triggerrule.py
[2024-03-25T04:51:01.419+0000] {logging_mixin.py:188} INFO - [2024-03-25T04:51:01.418+0000] {dag.py:3047} INFO - Sync 1 DAGs
[2024-03-25T04:51:01.436+0000] {logging_mixin.py:188} INFO - [2024-03-25T04:51:01.436+0000] {dag.py:3834} INFO - Setting next_dagrun for 6.2-monitoring to 2022-01-01 00:00:00+00:00, run_after=2022-01-02 00:00:00+00:00
[2024-03-25T04:51:01.460+0000] {processor.py:183} INFO - Processing /opt/airflow/dags/6-triggerrule.py took 0.077 seconds
[2024-03-25T04:51:31.671+0000] {processor.py:161} INFO - Started process (PID=35814) to work on /opt/airflow/dags/6-triggerrule.py
[2024-03-25T04:51:31.672+0000] {processor.py:830} INFO - Processing file /opt/airflow/dags/6-triggerrule.py for tasks to queue
[2024-03-25T04:51:31.674+0000] {logging_mixin.py:188} INFO - [2024-03-25T04:51:31.673+0000] {dagbag.py:540} INFO - Filling up the DagBag from /opt/airflow/dags/6-triggerrule.py
[2024-03-25T04:51:31.689+0000] {processor.py:840} INFO - DAG(s) '6.2-monitoring' retrieved from /opt/airflow/dags/6-triggerrule.py
[2024-03-25T04:51:31.708+0000] {logging_mixin.py:188} INFO - [2024-03-25T04:51:31.708+0000] {dag.py:3047} INFO - Sync 1 DAGs
[2024-03-25T04:51:31.834+0000] {logging_mixin.py:188} INFO - [2024-03-25T04:51:31.833+0000] {dag.py:3834} INFO - Setting next_dagrun for 6.2-monitoring to 2022-01-01 00:00:00+00:00, run_after=2022-01-02 00:00:00+00:00
[2024-03-25T04:51:31.859+0000] {processor.py:183} INFO - Processing /opt/airflow/dags/6-triggerrule.py took 0.190 seconds
[2024-03-25T04:52:01.911+0000] {processor.py:161} INFO - Started process (PID=35877) to work on /opt/airflow/dags/6-triggerrule.py
[2024-03-25T04:52:01.912+0000] {processor.py:830} INFO - Processing file /opt/airflow/dags/6-triggerrule.py for tasks to queue
[2024-03-25T04:52:01.913+0000] {logging_mixin.py:188} INFO - [2024-03-25T04:52:01.913+0000] {dagbag.py:540} INFO - Filling up the DagBag from /opt/airflow/dags/6-triggerrule.py
[2024-03-25T04:52:01.927+0000] {processor.py:840} INFO - DAG(s) '6.2-monitoring' retrieved from /opt/airflow/dags/6-triggerrule.py
[2024-03-25T04:52:01.947+0000] {logging_mixin.py:188} INFO - [2024-03-25T04:52:01.946+0000] {dag.py:3047} INFO - Sync 1 DAGs
[2024-03-25T04:52:02.058+0000] {logging_mixin.py:188} INFO - [2024-03-25T04:52:02.058+0000] {dag.py:3834} INFO - Setting next_dagrun for 6.2-monitoring to 2022-01-01 00:00:00+00:00, run_after=2022-01-02 00:00:00+00:00
[2024-03-25T04:52:02.075+0000] {processor.py:183} INFO - Processing /opt/airflow/dags/6-triggerrule.py took 0.167 seconds
[2024-03-25T04:52:32.117+0000] {processor.py:161} INFO - Started process (PID=35941) to work on /opt/airflow/dags/6-triggerrule.py
[2024-03-25T04:52:32.118+0000] {processor.py:830} INFO - Processing file /opt/airflow/dags/6-triggerrule.py for tasks to queue
[2024-03-25T04:52:32.120+0000] {logging_mixin.py:188} INFO - [2024-03-25T04:52:32.119+0000] {dagbag.py:540} INFO - Filling up the DagBag from /opt/airflow/dags/6-triggerrule.py
[2024-03-25T04:52:32.133+0000] {processor.py:840} INFO - DAG(s) '6.2-monitoring' retrieved from /opt/airflow/dags/6-triggerrule.py
[2024-03-25T04:52:32.152+0000] {logging_mixin.py:188} INFO - [2024-03-25T04:52:32.151+0000] {dag.py:3047} INFO - Sync 1 DAGs
[2024-03-25T04:52:32.174+0000] {logging_mixin.py:188} INFO - [2024-03-25T04:52:32.173+0000] {dag.py:3834} INFO - Setting next_dagrun for 6.2-monitoring to 2022-01-01 00:00:00+00:00, run_after=2022-01-02 00:00:00+00:00
[2024-03-25T04:52:32.276+0000] {processor.py:183} INFO - Processing /opt/airflow/dags/6-triggerrule.py took 0.161 seconds
[2024-03-25T04:53:03.048+0000] {processor.py:161} INFO - Started process (PID=36004) to work on /opt/airflow/dags/6-triggerrule.py
[2024-03-25T04:53:03.049+0000] {processor.py:830} INFO - Processing file /opt/airflow/dags/6-triggerrule.py for tasks to queue
[2024-03-25T04:53:03.050+0000] {logging_mixin.py:188} INFO - [2024-03-25T04:53:03.050+0000] {dagbag.py:540} INFO - Filling up the DagBag from /opt/airflow/dags/6-triggerrule.py
[2024-03-25T04:53:03.062+0000] {processor.py:840} INFO - DAG(s) '6.2-monitoring' retrieved from /opt/airflow/dags/6-triggerrule.py
[2024-03-25T04:53:03.078+0000] {logging_mixin.py:188} INFO - [2024-03-25T04:53:03.078+0000] {dag.py:3047} INFO - Sync 1 DAGs
[2024-03-25T04:53:03.095+0000] {logging_mixin.py:188} INFO - [2024-03-25T04:53:03.095+0000] {dag.py:3834} INFO - Setting next_dagrun for 6.2-monitoring to 2022-01-01 00:00:00+00:00, run_after=2022-01-02 00:00:00+00:00
[2024-03-25T04:53:03.214+0000] {processor.py:183} INFO - Processing /opt/airflow/dags/6-triggerrule.py took 0.169 seconds
[2024-03-25T04:53:34.008+0000] {processor.py:161} INFO - Started process (PID=36068) to work on /opt/airflow/dags/6-triggerrule.py
[2024-03-25T04:53:34.009+0000] {processor.py:830} INFO - Processing file /opt/airflow/dags/6-triggerrule.py for tasks to queue
[2024-03-25T04:53:34.010+0000] {logging_mixin.py:188} INFO - [2024-03-25T04:53:34.010+0000] {dagbag.py:540} INFO - Filling up the DagBag from /opt/airflow/dags/6-triggerrule.py
[2024-03-25T04:53:34.022+0000] {processor.py:840} INFO - DAG(s) '6.2-monitoring' retrieved from /opt/airflow/dags/6-triggerrule.py
[2024-03-25T04:53:34.037+0000] {logging_mixin.py:188} INFO - [2024-03-25T04:53:34.037+0000] {dag.py:3047} INFO - Sync 1 DAGs
[2024-03-25T04:53:34.054+0000] {logging_mixin.py:188} INFO - [2024-03-25T04:53:34.054+0000] {dag.py:3834} INFO - Setting next_dagrun for 6.2-monitoring to 2022-01-01 00:00:00+00:00, run_after=2022-01-02 00:00:00+00:00
[2024-03-25T04:53:34.071+0000] {processor.py:183} INFO - Processing /opt/airflow/dags/6-triggerrule.py took 0.066 seconds
[2024-03-25T04:54:04.640+0000] {processor.py:161} INFO - Started process (PID=36132) to work on /opt/airflow/dags/6-triggerrule.py
[2024-03-25T04:54:04.641+0000] {processor.py:830} INFO - Processing file /opt/airflow/dags/6-triggerrule.py for tasks to queue
[2024-03-25T04:54:04.642+0000] {logging_mixin.py:188} INFO - [2024-03-25T04:54:04.642+0000] {dagbag.py:540} INFO - Filling up the DagBag from /opt/airflow/dags/6-triggerrule.py
[2024-03-25T04:54:04.656+0000] {processor.py:840} INFO - DAG(s) '6.2-monitoring' retrieved from /opt/airflow/dags/6-triggerrule.py
[2024-03-25T04:54:04.672+0000] {logging_mixin.py:188} INFO - [2024-03-25T04:54:04.672+0000] {dag.py:3047} INFO - Sync 1 DAGs
[2024-03-25T04:54:04.689+0000] {logging_mixin.py:188} INFO - [2024-03-25T04:54:04.689+0000] {dag.py:3834} INFO - Setting next_dagrun for 6.2-monitoring to 2022-01-01 00:00:00+00:00, run_after=2022-01-02 00:00:00+00:00
[2024-03-25T04:54:04.711+0000] {processor.py:183} INFO - Processing /opt/airflow/dags/6-triggerrule.py took 0.074 seconds
[2024-03-25T04:54:35.126+0000] {processor.py:161} INFO - Started process (PID=36196) to work on /opt/airflow/dags/6-triggerrule.py
[2024-03-25T04:54:35.127+0000] {processor.py:830} INFO - Processing file /opt/airflow/dags/6-triggerrule.py for tasks to queue
[2024-03-25T04:54:35.129+0000] {logging_mixin.py:188} INFO - [2024-03-25T04:54:35.129+0000] {dagbag.py:540} INFO - Filling up the DagBag from /opt/airflow/dags/6-triggerrule.py
[2024-03-25T04:54:35.142+0000] {processor.py:840} INFO - DAG(s) '6.2-monitoring' retrieved from /opt/airflow/dags/6-triggerrule.py
[2024-03-25T04:54:35.159+0000] {logging_mixin.py:188} INFO - [2024-03-25T04:54:35.158+0000] {dag.py:3047} INFO - Sync 1 DAGs
[2024-03-25T04:54:35.177+0000] {logging_mixin.py:188} INFO - [2024-03-25T04:54:35.176+0000] {dag.py:3834} INFO - Setting next_dagrun for 6.2-monitoring to 2022-01-01 00:00:00+00:00, run_after=2022-01-02 00:00:00+00:00
[2024-03-25T04:54:35.195+0000] {processor.py:183} INFO - Processing /opt/airflow/dags/6-triggerrule.py took 0.072 seconds
[2024-03-25T04:55:05.529+0000] {processor.py:161} INFO - Started process (PID=36260) to work on /opt/airflow/dags/6-triggerrule.py
[2024-03-25T04:55:05.530+0000] {processor.py:830} INFO - Processing file /opt/airflow/dags/6-triggerrule.py for tasks to queue
[2024-03-25T04:55:05.531+0000] {logging_mixin.py:188} INFO - [2024-03-25T04:55:05.531+0000] {dagbag.py:540} INFO - Filling up the DagBag from /opt/airflow/dags/6-triggerrule.py
[2024-03-25T04:55:05.544+0000] {processor.py:840} INFO - DAG(s) '6.2-monitoring' retrieved from /opt/airflow/dags/6-triggerrule.py
[2024-03-25T04:55:05.560+0000] {logging_mixin.py:188} INFO - [2024-03-25T04:55:05.560+0000] {dag.py:3047} INFO - Sync 1 DAGs
[2024-03-25T04:55:05.579+0000] {logging_mixin.py:188} INFO - [2024-03-25T04:55:05.578+0000] {dag.py:3834} INFO - Setting next_dagrun for 6.2-monitoring to 2022-01-01 00:00:00+00:00, run_after=2022-01-02 00:00:00+00:00
[2024-03-25T04:55:05.598+0000] {processor.py:183} INFO - Processing /opt/airflow/dags/6-triggerrule.py took 0.073 seconds
[2024-03-25T04:55:35.855+0000] {processor.py:161} INFO - Started process (PID=36324) to work on /opt/airflow/dags/6-triggerrule.py
[2024-03-25T04:55:35.856+0000] {processor.py:830} INFO - Processing file /opt/airflow/dags/6-triggerrule.py for tasks to queue
[2024-03-25T04:55:35.859+0000] {logging_mixin.py:188} INFO - [2024-03-25T04:55:35.858+0000] {dagbag.py:540} INFO - Filling up the DagBag from /opt/airflow/dags/6-triggerrule.py
[2024-03-25T04:55:35.879+0000] {processor.py:840} INFO - DAG(s) '6.2-monitoring' retrieved from /opt/airflow/dags/6-triggerrule.py
[2024-03-25T04:55:35.897+0000] {logging_mixin.py:188} INFO - [2024-03-25T04:55:35.897+0000] {dag.py:3047} INFO - Sync 1 DAGs
[2024-03-25T04:55:35.915+0000] {logging_mixin.py:188} INFO - [2024-03-25T04:55:35.915+0000] {dag.py:3834} INFO - Setting next_dagrun for 6.2-monitoring to 2022-01-01 00:00:00+00:00, run_after=2022-01-02 00:00:00+00:00
[2024-03-25T04:55:35.934+0000] {processor.py:183} INFO - Processing /opt/airflow/dags/6-triggerrule.py took 0.082 seconds
[2024-03-25T04:56:06.087+0000] {processor.py:161} INFO - Started process (PID=36388) to work on /opt/airflow/dags/6-triggerrule.py
[2024-03-25T04:56:06.088+0000] {processor.py:830} INFO - Processing file /opt/airflow/dags/6-triggerrule.py for tasks to queue
[2024-03-25T04:56:06.090+0000] {logging_mixin.py:188} INFO - [2024-03-25T04:56:06.090+0000] {dagbag.py:540} INFO - Filling up the DagBag from /opt/airflow/dags/6-triggerrule.py
[2024-03-25T04:56:06.102+0000] {processor.py:840} INFO - DAG(s) '6.2-monitoring' retrieved from /opt/airflow/dags/6-triggerrule.py
[2024-03-25T04:56:06.118+0000] {logging_mixin.py:188} INFO - [2024-03-25T04:56:06.118+0000] {dag.py:3047} INFO - Sync 1 DAGs
[2024-03-25T04:56:06.136+0000] {logging_mixin.py:188} INFO - [2024-03-25T04:56:06.135+0000] {dag.py:3834} INFO - Setting next_dagrun for 6.2-monitoring to 2022-01-01 00:00:00+00:00, run_after=2022-01-02 00:00:00+00:00
[2024-03-25T04:56:06.155+0000] {processor.py:183} INFO - Processing /opt/airflow/dags/6-triggerrule.py took 0.071 seconds
[2024-03-25T04:56:36.443+0000] {processor.py:161} INFO - Started process (PID=36452) to work on /opt/airflow/dags/6-triggerrule.py
[2024-03-25T04:56:36.444+0000] {processor.py:830} INFO - Processing file /opt/airflow/dags/6-triggerrule.py for tasks to queue
[2024-03-25T04:56:36.445+0000] {logging_mixin.py:188} INFO - [2024-03-25T04:56:36.445+0000] {dagbag.py:540} INFO - Filling up the DagBag from /opt/airflow/dags/6-triggerrule.py
[2024-03-25T04:56:36.457+0000] {processor.py:840} INFO - DAG(s) '6.2-monitoring' retrieved from /opt/airflow/dags/6-triggerrule.py
[2024-03-25T04:56:36.473+0000] {logging_mixin.py:188} INFO - [2024-03-25T04:56:36.473+0000] {dag.py:3047} INFO - Sync 1 DAGs
[2024-03-25T04:56:36.491+0000] {logging_mixin.py:188} INFO - [2024-03-25T04:56:36.491+0000] {dag.py:3834} INFO - Setting next_dagrun for 6.2-monitoring to 2022-01-01 00:00:00+00:00, run_after=2022-01-02 00:00:00+00:00
[2024-03-25T04:56:36.510+0000] {processor.py:183} INFO - Processing /opt/airflow/dags/6-triggerrule.py took 0.070 seconds
[2024-03-25T04:57:06.803+0000] {processor.py:161} INFO - Started process (PID=36515) to work on /opt/airflow/dags/6-triggerrule.py
[2024-03-25T04:57:06.804+0000] {processor.py:830} INFO - Processing file /opt/airflow/dags/6-triggerrule.py for tasks to queue
[2024-03-25T04:57:06.806+0000] {logging_mixin.py:188} INFO - [2024-03-25T04:57:06.806+0000] {dagbag.py:540} INFO - Filling up the DagBag from /opt/airflow/dags/6-triggerrule.py
[2024-03-25T04:57:06.818+0000] {processor.py:840} INFO - DAG(s) '6.2-monitoring' retrieved from /opt/airflow/dags/6-triggerrule.py
[2024-03-25T04:57:06.833+0000] {logging_mixin.py:188} INFO - [2024-03-25T04:57:06.833+0000] {dag.py:3047} INFO - Sync 1 DAGs
[2024-03-25T04:57:06.851+0000] {logging_mixin.py:188} INFO - [2024-03-25T04:57:06.850+0000] {dag.py:3834} INFO - Setting next_dagrun for 6.2-monitoring to 2022-01-01 00:00:00+00:00, run_after=2022-01-02 00:00:00+00:00
[2024-03-25T04:57:06.869+0000] {processor.py:183} INFO - Processing /opt/airflow/dags/6-triggerrule.py took 0.068 seconds
[2024-03-25T04:57:37.206+0000] {processor.py:161} INFO - Started process (PID=36579) to work on /opt/airflow/dags/6-triggerrule.py
[2024-03-25T04:57:37.207+0000] {processor.py:830} INFO - Processing file /opt/airflow/dags/6-triggerrule.py for tasks to queue
[2024-03-25T04:57:37.208+0000] {logging_mixin.py:188} INFO - [2024-03-25T04:57:37.208+0000] {dagbag.py:540} INFO - Filling up the DagBag from /opt/airflow/dags/6-triggerrule.py
[2024-03-25T04:57:37.226+0000] {processor.py:840} INFO - DAG(s) '6.2-monitoring' retrieved from /opt/airflow/dags/6-triggerrule.py
[2024-03-25T04:57:37.244+0000] {logging_mixin.py:188} INFO - [2024-03-25T04:57:37.244+0000] {dag.py:3047} INFO - Sync 1 DAGs
[2024-03-25T04:57:37.265+0000] {logging_mixin.py:188} INFO - [2024-03-25T04:57:37.265+0000] {dag.py:3834} INFO - Setting next_dagrun for 6.2-monitoring to 2022-01-01 00:00:00+00:00, run_after=2022-01-02 00:00:00+00:00
[2024-03-25T04:57:37.286+0000] {processor.py:183} INFO - Processing /opt/airflow/dags/6-triggerrule.py took 0.084 seconds
[2024-03-25T04:58:07.637+0000] {processor.py:161} INFO - Started process (PID=36643) to work on /opt/airflow/dags/6-triggerrule.py
[2024-03-25T04:58:07.638+0000] {processor.py:830} INFO - Processing file /opt/airflow/dags/6-triggerrule.py for tasks to queue
[2024-03-25T04:58:07.639+0000] {logging_mixin.py:188} INFO - [2024-03-25T04:58:07.639+0000] {dagbag.py:540} INFO - Filling up the DagBag from /opt/airflow/dags/6-triggerrule.py
[2024-03-25T04:58:07.652+0000] {processor.py:840} INFO - DAG(s) '6.2-monitoring' retrieved from /opt/airflow/dags/6-triggerrule.py
[2024-03-25T04:58:07.668+0000] {logging_mixin.py:188} INFO - [2024-03-25T04:58:07.667+0000] {dag.py:3047} INFO - Sync 1 DAGs
[2024-03-25T04:58:07.687+0000] {logging_mixin.py:188} INFO - [2024-03-25T04:58:07.687+0000] {dag.py:3834} INFO - Setting next_dagrun for 6.2-monitoring to 2022-01-01 00:00:00+00:00, run_after=2022-01-02 00:00:00+00:00
[2024-03-25T04:58:07.705+0000] {processor.py:183} INFO - Processing /opt/airflow/dags/6-triggerrule.py took 0.071 seconds
[2024-03-25T04:58:37.957+0000] {processor.py:161} INFO - Started process (PID=36707) to work on /opt/airflow/dags/6-triggerrule.py
[2024-03-25T04:58:37.958+0000] {processor.py:830} INFO - Processing file /opt/airflow/dags/6-triggerrule.py for tasks to queue
[2024-03-25T04:58:37.960+0000] {logging_mixin.py:188} INFO - [2024-03-25T04:58:37.959+0000] {dagbag.py:540} INFO - Filling up the DagBag from /opt/airflow/dags/6-triggerrule.py
[2024-03-25T04:58:37.972+0000] {processor.py:840} INFO - DAG(s) '6.2-monitoring' retrieved from /opt/airflow/dags/6-triggerrule.py
[2024-03-25T04:58:37.987+0000] {logging_mixin.py:188} INFO - [2024-03-25T04:58:37.987+0000] {dag.py:3047} INFO - Sync 1 DAGs
[2024-03-25T04:58:38.005+0000] {logging_mixin.py:188} INFO - [2024-03-25T04:58:38.005+0000] {dag.py:3834} INFO - Setting next_dagrun for 6.2-monitoring to 2022-01-01 00:00:00+00:00, run_after=2022-01-02 00:00:00+00:00
[2024-03-25T04:58:38.027+0000] {processor.py:183} INFO - Processing /opt/airflow/dags/6-triggerrule.py took 0.072 seconds
[2024-03-25T04:59:08.285+0000] {processor.py:161} INFO - Started process (PID=36771) to work on /opt/airflow/dags/6-triggerrule.py
[2024-03-25T04:59:08.285+0000] {processor.py:830} INFO - Processing file /opt/airflow/dags/6-triggerrule.py for tasks to queue
[2024-03-25T04:59:08.287+0000] {logging_mixin.py:188} INFO - [2024-03-25T04:59:08.287+0000] {dagbag.py:540} INFO - Filling up the DagBag from /opt/airflow/dags/6-triggerrule.py
[2024-03-25T04:59:08.301+0000] {processor.py:840} INFO - DAG(s) '6.2-monitoring' retrieved from /opt/airflow/dags/6-triggerrule.py
[2024-03-25T04:59:08.317+0000] {logging_mixin.py:188} INFO - [2024-03-25T04:59:08.317+0000] {dag.py:3047} INFO - Sync 1 DAGs
[2024-03-25T04:59:08.338+0000] {logging_mixin.py:188} INFO - [2024-03-25T04:59:08.338+0000] {dag.py:3834} INFO - Setting next_dagrun for 6.2-monitoring to 2022-01-01 00:00:00+00:00, run_after=2022-01-02 00:00:00+00:00
[2024-03-25T04:59:08.361+0000] {processor.py:183} INFO - Processing /opt/airflow/dags/6-triggerrule.py took 0.079 seconds
[2024-03-25T04:59:38.592+0000] {processor.py:161} INFO - Started process (PID=36835) to work on /opt/airflow/dags/6-triggerrule.py
[2024-03-25T04:59:38.593+0000] {processor.py:830} INFO - Processing file /opt/airflow/dags/6-triggerrule.py for tasks to queue
[2024-03-25T04:59:38.594+0000] {logging_mixin.py:188} INFO - [2024-03-25T04:59:38.594+0000] {dagbag.py:540} INFO - Filling up the DagBag from /opt/airflow/dags/6-triggerrule.py
[2024-03-25T04:59:38.606+0000] {processor.py:840} INFO - DAG(s) '6.2-monitoring' retrieved from /opt/airflow/dags/6-triggerrule.py
[2024-03-25T04:59:38.621+0000] {logging_mixin.py:188} INFO - [2024-03-25T04:59:38.620+0000] {dag.py:3047} INFO - Sync 1 DAGs
[2024-03-25T04:59:38.638+0000] {logging_mixin.py:188} INFO - [2024-03-25T04:59:38.637+0000] {dag.py:3834} INFO - Setting next_dagrun for 6.2-monitoring to 2022-01-01 00:00:00+00:00, run_after=2022-01-02 00:00:00+00:00
[2024-03-25T04:59:38.663+0000] {processor.py:183} INFO - Processing /opt/airflow/dags/6-triggerrule.py took 0.074 seconds
[2024-03-25T05:00:09.067+0000] {processor.py:161} INFO - Started process (PID=36899) to work on /opt/airflow/dags/6-triggerrule.py
[2024-03-25T05:00:09.068+0000] {processor.py:830} INFO - Processing file /opt/airflow/dags/6-triggerrule.py for tasks to queue
[2024-03-25T05:00:09.070+0000] {logging_mixin.py:188} INFO - [2024-03-25T05:00:09.070+0000] {dagbag.py:540} INFO - Filling up the DagBag from /opt/airflow/dags/6-triggerrule.py
[2024-03-25T05:00:09.083+0000] {processor.py:840} INFO - DAG(s) '6.2-monitoring' retrieved from /opt/airflow/dags/6-triggerrule.py
[2024-03-25T05:00:09.099+0000] {logging_mixin.py:188} INFO - [2024-03-25T05:00:09.099+0000] {dag.py:3047} INFO - Sync 1 DAGs
[2024-03-25T05:00:09.117+0000] {logging_mixin.py:188} INFO - [2024-03-25T05:00:09.117+0000] {dag.py:3834} INFO - Setting next_dagrun for 6.2-monitoring to 2022-01-01 00:00:00+00:00, run_after=2022-01-02 00:00:00+00:00
[2024-03-25T05:00:09.141+0000] {processor.py:183} INFO - Processing /opt/airflow/dags/6-triggerrule.py took 0.077 seconds
[2024-03-25T05:00:39.439+0000] {processor.py:161} INFO - Started process (PID=36963) to work on /opt/airflow/dags/6-triggerrule.py
[2024-03-25T05:00:39.440+0000] {processor.py:830} INFO - Processing file /opt/airflow/dags/6-triggerrule.py for tasks to queue
[2024-03-25T05:00:39.441+0000] {logging_mixin.py:188} INFO - [2024-03-25T05:00:39.441+0000] {dagbag.py:540} INFO - Filling up the DagBag from /opt/airflow/dags/6-triggerrule.py
[2024-03-25T05:00:39.453+0000] {processor.py:840} INFO - DAG(s) '6.2-monitoring' retrieved from /opt/airflow/dags/6-triggerrule.py
[2024-03-25T05:00:39.469+0000] {logging_mixin.py:188} INFO - [2024-03-25T05:00:39.469+0000] {dag.py:3047} INFO - Sync 1 DAGs
[2024-03-25T05:00:39.487+0000] {logging_mixin.py:188} INFO - [2024-03-25T05:00:39.487+0000] {dag.py:3834} INFO - Setting next_dagrun for 6.2-monitoring to 2022-01-01 00:00:00+00:00, run_after=2022-01-02 00:00:00+00:00
[2024-03-25T05:00:39.505+0000] {processor.py:183} INFO - Processing /opt/airflow/dags/6-triggerrule.py took 0.069 seconds
[2024-03-25T05:01:09.820+0000] {processor.py:161} INFO - Started process (PID=37027) to work on /opt/airflow/dags/6-triggerrule.py
[2024-03-25T05:01:09.821+0000] {processor.py:830} INFO - Processing file /opt/airflow/dags/6-triggerrule.py for tasks to queue
[2024-03-25T05:01:09.822+0000] {logging_mixin.py:188} INFO - [2024-03-25T05:01:09.822+0000] {dagbag.py:540} INFO - Filling up the DagBag from /opt/airflow/dags/6-triggerrule.py
[2024-03-25T05:01:09.835+0000] {processor.py:840} INFO - DAG(s) '6.2-monitoring' retrieved from /opt/airflow/dags/6-triggerrule.py
[2024-03-25T05:01:09.851+0000] {logging_mixin.py:188} INFO - [2024-03-25T05:01:09.851+0000] {dag.py:3047} INFO - Sync 1 DAGs
[2024-03-25T05:01:09.871+0000] {logging_mixin.py:188} INFO - [2024-03-25T05:01:09.871+0000] {dag.py:3834} INFO - Setting next_dagrun for 6.2-monitoring to 2022-01-01 00:00:00+00:00, run_after=2022-01-02 00:00:00+00:00
[2024-03-25T05:01:09.891+0000] {processor.py:183} INFO - Processing /opt/airflow/dags/6-triggerrule.py took 0.074 seconds
[2024-03-25T05:01:40.248+0000] {processor.py:161} INFO - Started process (PID=37091) to work on /opt/airflow/dags/6-triggerrule.py
[2024-03-25T05:01:40.250+0000] {processor.py:830} INFO - Processing file /opt/airflow/dags/6-triggerrule.py for tasks to queue
[2024-03-25T05:01:40.251+0000] {logging_mixin.py:188} INFO - [2024-03-25T05:01:40.251+0000] {dagbag.py:540} INFO - Filling up the DagBag from /opt/airflow/dags/6-triggerrule.py
[2024-03-25T05:01:40.267+0000] {processor.py:840} INFO - DAG(s) '6.2-monitoring' retrieved from /opt/airflow/dags/6-triggerrule.py
[2024-03-25T05:01:40.285+0000] {logging_mixin.py:188} INFO - [2024-03-25T05:01:40.285+0000] {dag.py:3047} INFO - Sync 1 DAGs
[2024-03-25T05:01:40.304+0000] {logging_mixin.py:188} INFO - [2024-03-25T05:01:40.304+0000] {dag.py:3834} INFO - Setting next_dagrun for 6.2-monitoring to 2022-01-01 00:00:00+00:00, run_after=2022-01-02 00:00:00+00:00
[2024-03-25T05:01:40.329+0000] {processor.py:183} INFO - Processing /opt/airflow/dags/6-triggerrule.py took 0.083 seconds
[2024-03-25T05:02:10.693+0000] {processor.py:161} INFO - Started process (PID=37155) to work on /opt/airflow/dags/6-triggerrule.py
[2024-03-25T05:02:10.694+0000] {processor.py:830} INFO - Processing file /opt/airflow/dags/6-triggerrule.py for tasks to queue
[2024-03-25T05:02:10.695+0000] {logging_mixin.py:188} INFO - [2024-03-25T05:02:10.695+0000] {dagbag.py:540} INFO - Filling up the DagBag from /opt/airflow/dags/6-triggerrule.py
[2024-03-25T05:02:10.708+0000] {processor.py:840} INFO - DAG(s) '6.2-monitoring' retrieved from /opt/airflow/dags/6-triggerrule.py
[2024-03-25T05:02:10.725+0000] {logging_mixin.py:188} INFO - [2024-03-25T05:02:10.724+0000] {dag.py:3047} INFO - Sync 1 DAGs
[2024-03-25T05:02:10.742+0000] {logging_mixin.py:188} INFO - [2024-03-25T05:02:10.742+0000] {dag.py:3834} INFO - Setting next_dagrun for 6.2-monitoring to 2022-01-01 00:00:00+00:00, run_after=2022-01-02 00:00:00+00:00
[2024-03-25T05:02:10.770+0000] {processor.py:183} INFO - Processing /opt/airflow/dags/6-triggerrule.py took 0.079 seconds
[2024-03-25T05:02:41.107+0000] {processor.py:161} INFO - Started process (PID=37219) to work on /opt/airflow/dags/6-triggerrule.py
[2024-03-25T05:02:41.107+0000] {processor.py:830} INFO - Processing file /opt/airflow/dags/6-triggerrule.py for tasks to queue
[2024-03-25T05:02:41.109+0000] {logging_mixin.py:188} INFO - [2024-03-25T05:02:41.109+0000] {dagbag.py:540} INFO - Filling up the DagBag from /opt/airflow/dags/6-triggerrule.py
[2024-03-25T05:02:41.123+0000] {processor.py:840} INFO - DAG(s) '6.2-monitoring' retrieved from /opt/airflow/dags/6-triggerrule.py
[2024-03-25T05:02:41.140+0000] {logging_mixin.py:188} INFO - [2024-03-25T05:02:41.140+0000] {dag.py:3047} INFO - Sync 1 DAGs
[2024-03-25T05:02:41.159+0000] {logging_mixin.py:188} INFO - [2024-03-25T05:02:41.159+0000] {dag.py:3834} INFO - Setting next_dagrun for 6.2-monitoring to 2022-01-01 00:00:00+00:00, run_after=2022-01-02 00:00:00+00:00
[2024-03-25T05:02:41.181+0000] {processor.py:183} INFO - Processing /opt/airflow/dags/6-triggerrule.py took 0.077 seconds
[2024-03-25T05:03:11.641+0000] {processor.py:161} INFO - Started process (PID=37283) to work on /opt/airflow/dags/6-triggerrule.py
[2024-03-25T05:03:11.642+0000] {processor.py:830} INFO - Processing file /opt/airflow/dags/6-triggerrule.py for tasks to queue
[2024-03-25T05:03:11.643+0000] {logging_mixin.py:188} INFO - [2024-03-25T05:03:11.643+0000] {dagbag.py:540} INFO - Filling up the DagBag from /opt/airflow/dags/6-triggerrule.py
[2024-03-25T05:03:11.656+0000] {processor.py:840} INFO - DAG(s) '6.2-monitoring' retrieved from /opt/airflow/dags/6-triggerrule.py
[2024-03-25T05:03:11.673+0000] {logging_mixin.py:188} INFO - [2024-03-25T05:03:11.673+0000] {dag.py:3047} INFO - Sync 1 DAGs
[2024-03-25T05:03:11.693+0000] {logging_mixin.py:188} INFO - [2024-03-25T05:03:11.693+0000] {dag.py:3834} INFO - Setting next_dagrun for 6.2-monitoring to 2022-01-01 00:00:00+00:00, run_after=2022-01-02 00:00:00+00:00
[2024-03-25T05:03:11.712+0000] {processor.py:183} INFO - Processing /opt/airflow/dags/6-triggerrule.py took 0.074 seconds
[2024-03-25T05:03:42.034+0000] {processor.py:161} INFO - Started process (PID=37347) to work on /opt/airflow/dags/6-triggerrule.py
[2024-03-25T05:03:42.035+0000] {processor.py:830} INFO - Processing file /opt/airflow/dags/6-triggerrule.py for tasks to queue
[2024-03-25T05:03:42.037+0000] {logging_mixin.py:188} INFO - [2024-03-25T05:03:42.036+0000] {dagbag.py:540} INFO - Filling up the DagBag from /opt/airflow/dags/6-triggerrule.py
[2024-03-25T05:03:42.051+0000] {processor.py:840} INFO - DAG(s) '6.2-monitoring' retrieved from /opt/airflow/dags/6-triggerrule.py
[2024-03-25T05:03:42.068+0000] {logging_mixin.py:188} INFO - [2024-03-25T05:03:42.067+0000] {dag.py:3047} INFO - Sync 1 DAGs
[2024-03-25T05:03:42.088+0000] {logging_mixin.py:188} INFO - [2024-03-25T05:03:42.088+0000] {dag.py:3834} INFO - Setting next_dagrun for 6.2-monitoring to 2022-01-01 00:00:00+00:00, run_after=2022-01-02 00:00:00+00:00
[2024-03-25T05:03:42.107+0000] {processor.py:183} INFO - Processing /opt/airflow/dags/6-triggerrule.py took 0.076 seconds
[2024-03-25T05:04:12.380+0000] {processor.py:161} INFO - Started process (PID=37411) to work on /opt/airflow/dags/6-triggerrule.py
[2024-03-25T05:04:12.381+0000] {processor.py:830} INFO - Processing file /opt/airflow/dags/6-triggerrule.py for tasks to queue
[2024-03-25T05:04:12.383+0000] {logging_mixin.py:188} INFO - [2024-03-25T05:04:12.382+0000] {dagbag.py:540} INFO - Filling up the DagBag from /opt/airflow/dags/6-triggerrule.py
[2024-03-25T05:04:12.395+0000] {processor.py:840} INFO - DAG(s) '6.2-monitoring' retrieved from /opt/airflow/dags/6-triggerrule.py
[2024-03-25T05:04:12.411+0000] {logging_mixin.py:188} INFO - [2024-03-25T05:04:12.411+0000] {dag.py:3047} INFO - Sync 1 DAGs
[2024-03-25T05:04:12.428+0000] {logging_mixin.py:188} INFO - [2024-03-25T05:04:12.428+0000] {dag.py:3834} INFO - Setting next_dagrun for 6.2-monitoring to 2022-01-01 00:00:00+00:00, run_after=2022-01-02 00:00:00+00:00
[2024-03-25T05:04:12.447+0000] {processor.py:183} INFO - Processing /opt/airflow/dags/6-triggerrule.py took 0.069 seconds
[2024-03-25T05:04:42.968+0000] {processor.py:161} INFO - Started process (PID=37475) to work on /opt/airflow/dags/6-triggerrule.py
[2024-03-25T05:04:42.970+0000] {processor.py:830} INFO - Processing file /opt/airflow/dags/6-triggerrule.py for tasks to queue
[2024-03-25T05:04:42.973+0000] {logging_mixin.py:188} INFO - [2024-03-25T05:04:42.972+0000] {dagbag.py:540} INFO - Filling up the DagBag from /opt/airflow/dags/6-triggerrule.py
[2024-03-25T05:04:42.989+0000] {processor.py:840} INFO - DAG(s) '6.2-monitoring' retrieved from /opt/airflow/dags/6-triggerrule.py
[2024-03-25T05:04:43.009+0000] {logging_mixin.py:188} INFO - [2024-03-25T05:04:43.009+0000] {dag.py:3047} INFO - Sync 1 DAGs
[2024-03-25T05:04:43.028+0000] {logging_mixin.py:188} INFO - [2024-03-25T05:04:43.028+0000] {dag.py:3834} INFO - Setting next_dagrun for 6.2-monitoring to 2022-01-01 00:00:00+00:00, run_after=2022-01-02 00:00:00+00:00
[2024-03-25T05:04:43.046+0000] {processor.py:183} INFO - Processing /opt/airflow/dags/6-triggerrule.py took 0.083 seconds
[2024-03-25T05:05:13.161+0000] {processor.py:161} INFO - Started process (PID=37539) to work on /opt/airflow/dags/6-triggerrule.py
[2024-03-25T05:05:13.162+0000] {processor.py:830} INFO - Processing file /opt/airflow/dags/6-triggerrule.py for tasks to queue
[2024-03-25T05:05:13.163+0000] {logging_mixin.py:188} INFO - [2024-03-25T05:05:13.163+0000] {dagbag.py:540} INFO - Filling up the DagBag from /opt/airflow/dags/6-triggerrule.py
[2024-03-25T05:05:13.175+0000] {processor.py:840} INFO - DAG(s) '6.2-monitoring' retrieved from /opt/airflow/dags/6-triggerrule.py
[2024-03-25T05:05:13.191+0000] {logging_mixin.py:188} INFO - [2024-03-25T05:05:13.190+0000] {dag.py:3047} INFO - Sync 1 DAGs
[2024-03-25T05:05:13.209+0000] {logging_mixin.py:188} INFO - [2024-03-25T05:05:13.209+0000] {dag.py:3834} INFO - Setting next_dagrun for 6.2-monitoring to 2022-01-01 00:00:00+00:00, run_after=2022-01-02 00:00:00+00:00
[2024-03-25T05:05:13.230+0000] {processor.py:183} INFO - Processing /opt/airflow/dags/6-triggerrule.py took 0.072 seconds
[2024-03-25T05:05:43.407+0000] {processor.py:161} INFO - Started process (PID=37603) to work on /opt/airflow/dags/6-triggerrule.py
[2024-03-25T05:05:43.408+0000] {processor.py:830} INFO - Processing file /opt/airflow/dags/6-triggerrule.py for tasks to queue
[2024-03-25T05:05:43.410+0000] {logging_mixin.py:188} INFO - [2024-03-25T05:05:43.410+0000] {dagbag.py:540} INFO - Filling up the DagBag from /opt/airflow/dags/6-triggerrule.py
[2024-03-25T05:05:43.423+0000] {processor.py:840} INFO - DAG(s) '6.2-monitoring' retrieved from /opt/airflow/dags/6-triggerrule.py
[2024-03-25T05:05:43.439+0000] {logging_mixin.py:188} INFO - [2024-03-25T05:05:43.439+0000] {dag.py:3047} INFO - Sync 1 DAGs
[2024-03-25T05:05:43.457+0000] {logging_mixin.py:188} INFO - [2024-03-25T05:05:43.457+0000] {dag.py:3834} INFO - Setting next_dagrun for 6.2-monitoring to 2022-01-01 00:00:00+00:00, run_after=2022-01-02 00:00:00+00:00
[2024-03-25T05:05:43.476+0000] {processor.py:183} INFO - Processing /opt/airflow/dags/6-triggerrule.py took 0.071 seconds
[2024-03-25T05:06:13.803+0000] {processor.py:161} INFO - Started process (PID=37667) to work on /opt/airflow/dags/6-triggerrule.py
[2024-03-25T05:06:13.805+0000] {processor.py:830} INFO - Processing file /opt/airflow/dags/6-triggerrule.py for tasks to queue
[2024-03-25T05:06:13.806+0000] {logging_mixin.py:188} INFO - [2024-03-25T05:06:13.806+0000] {dagbag.py:540} INFO - Filling up the DagBag from /opt/airflow/dags/6-triggerrule.py
[2024-03-25T05:06:13.822+0000] {processor.py:840} INFO - DAG(s) '6.2-monitoring' retrieved from /opt/airflow/dags/6-triggerrule.py
[2024-03-25T05:06:13.843+0000] {logging_mixin.py:188} INFO - [2024-03-25T05:06:13.843+0000] {dag.py:3047} INFO - Sync 1 DAGs
[2024-03-25T05:06:13.866+0000] {logging_mixin.py:188} INFO - [2024-03-25T05:06:13.866+0000] {dag.py:3834} INFO - Setting next_dagrun for 6.2-monitoring to 2022-01-01 00:00:00+00:00, run_after=2022-01-02 00:00:00+00:00
[2024-03-25T05:06:13.887+0000] {processor.py:183} INFO - Processing /opt/airflow/dags/6-triggerrule.py took 0.087 seconds
[2024-03-25T05:06:43.986+0000] {processor.py:161} INFO - Started process (PID=37731) to work on /opt/airflow/dags/6-triggerrule.py
[2024-03-25T05:06:43.987+0000] {processor.py:830} INFO - Processing file /opt/airflow/dags/6-triggerrule.py for tasks to queue
[2024-03-25T05:06:43.989+0000] {logging_mixin.py:188} INFO - [2024-03-25T05:06:43.989+0000] {dagbag.py:540} INFO - Filling up the DagBag from /opt/airflow/dags/6-triggerrule.py
[2024-03-25T05:06:44.003+0000] {processor.py:840} INFO - DAG(s) '6.2-monitoring' retrieved from /opt/airflow/dags/6-triggerrule.py
[2024-03-25T05:06:44.021+0000] {logging_mixin.py:188} INFO - [2024-03-25T05:06:44.020+0000] {dag.py:3047} INFO - Sync 1 DAGs
[2024-03-25T05:06:44.040+0000] {logging_mixin.py:188} INFO - [2024-03-25T05:06:44.039+0000] {dag.py:3834} INFO - Setting next_dagrun for 6.2-monitoring to 2022-01-01 00:00:00+00:00, run_after=2022-01-02 00:00:00+00:00
[2024-03-25T05:06:44.060+0000] {processor.py:183} INFO - Processing /opt/airflow/dags/6-triggerrule.py took 0.077 seconds
[2024-03-25T05:07:14.357+0000] {processor.py:161} INFO - Started process (PID=37795) to work on /opt/airflow/dags/6-triggerrule.py
[2024-03-25T05:07:14.358+0000] {processor.py:830} INFO - Processing file /opt/airflow/dags/6-triggerrule.py for tasks to queue
[2024-03-25T05:07:14.359+0000] {logging_mixin.py:188} INFO - [2024-03-25T05:07:14.359+0000] {dagbag.py:540} INFO - Filling up the DagBag from /opt/airflow/dags/6-triggerrule.py
[2024-03-25T05:07:14.372+0000] {processor.py:840} INFO - DAG(s) '6.2-monitoring' retrieved from /opt/airflow/dags/6-triggerrule.py
[2024-03-25T05:07:14.388+0000] {logging_mixin.py:188} INFO - [2024-03-25T05:07:14.388+0000] {dag.py:3047} INFO - Sync 1 DAGs
[2024-03-25T05:07:14.405+0000] {logging_mixin.py:188} INFO - [2024-03-25T05:07:14.405+0000] {dag.py:3834} INFO - Setting next_dagrun for 6.2-monitoring to 2022-01-01 00:00:00+00:00, run_after=2022-01-02 00:00:00+00:00
[2024-03-25T05:07:14.430+0000] {processor.py:183} INFO - Processing /opt/airflow/dags/6-triggerrule.py took 0.076 seconds
[2024-03-25T05:07:44.788+0000] {processor.py:161} INFO - Started process (PID=37859) to work on /opt/airflow/dags/6-triggerrule.py
[2024-03-25T05:07:44.789+0000] {processor.py:830} INFO - Processing file /opt/airflow/dags/6-triggerrule.py for tasks to queue
[2024-03-25T05:07:44.791+0000] {logging_mixin.py:188} INFO - [2024-03-25T05:07:44.790+0000] {dagbag.py:540} INFO - Filling up the DagBag from /opt/airflow/dags/6-triggerrule.py
[2024-03-25T05:07:44.803+0000] {processor.py:840} INFO - DAG(s) '6.2-monitoring' retrieved from /opt/airflow/dags/6-triggerrule.py
[2024-03-25T05:07:44.819+0000] {logging_mixin.py:188} INFO - [2024-03-25T05:07:44.818+0000] {dag.py:3047} INFO - Sync 1 DAGs
[2024-03-25T05:07:44.836+0000] {logging_mixin.py:188} INFO - [2024-03-25T05:07:44.836+0000] {dag.py:3834} INFO - Setting next_dagrun for 6.2-monitoring to 2022-01-01 00:00:00+00:00, run_after=2022-01-02 00:00:00+00:00
[2024-03-25T05:07:44.862+0000] {processor.py:183} INFO - Processing /opt/airflow/dags/6-triggerrule.py took 0.078 seconds
[2024-03-25T05:08:15.241+0000] {processor.py:161} INFO - Started process (PID=37923) to work on /opt/airflow/dags/6-triggerrule.py
[2024-03-25T05:08:15.242+0000] {processor.py:830} INFO - Processing file /opt/airflow/dags/6-triggerrule.py for tasks to queue
[2024-03-25T05:08:15.244+0000] {logging_mixin.py:188} INFO - [2024-03-25T05:08:15.243+0000] {dagbag.py:540} INFO - Filling up the DagBag from /opt/airflow/dags/6-triggerrule.py
[2024-03-25T05:08:15.257+0000] {processor.py:840} INFO - DAG(s) '6.2-monitoring' retrieved from /opt/airflow/dags/6-triggerrule.py
[2024-03-25T05:08:15.274+0000] {logging_mixin.py:188} INFO - [2024-03-25T05:08:15.274+0000] {dag.py:3047} INFO - Sync 1 DAGs
[2024-03-25T05:08:15.293+0000] {logging_mixin.py:188} INFO - [2024-03-25T05:08:15.292+0000] {dag.py:3834} INFO - Setting next_dagrun for 6.2-monitoring to 2022-01-01 00:00:00+00:00, run_after=2022-01-02 00:00:00+00:00
[2024-03-25T05:08:15.311+0000] {processor.py:183} INFO - Processing /opt/airflow/dags/6-triggerrule.py took 0.072 seconds
[2024-03-25T05:08:45.423+0000] {processor.py:161} INFO - Started process (PID=37987) to work on /opt/airflow/dags/6-triggerrule.py
[2024-03-25T05:08:45.423+0000] {processor.py:830} INFO - Processing file /opt/airflow/dags/6-triggerrule.py for tasks to queue
[2024-03-25T05:08:45.425+0000] {logging_mixin.py:188} INFO - [2024-03-25T05:08:45.425+0000] {dagbag.py:540} INFO - Filling up the DagBag from /opt/airflow/dags/6-triggerrule.py
[2024-03-25T05:08:45.438+0000] {processor.py:840} INFO - DAG(s) '6.2-monitoring' retrieved from /opt/airflow/dags/6-triggerrule.py
[2024-03-25T05:08:45.456+0000] {logging_mixin.py:188} INFO - [2024-03-25T05:08:45.456+0000] {dag.py:3047} INFO - Sync 1 DAGs
[2024-03-25T05:08:45.474+0000] {logging_mixin.py:188} INFO - [2024-03-25T05:08:45.474+0000] {dag.py:3834} INFO - Setting next_dagrun for 6.2-monitoring to 2022-01-01 00:00:00+00:00, run_after=2022-01-02 00:00:00+00:00
[2024-03-25T05:08:45.496+0000] {processor.py:183} INFO - Processing /opt/airflow/dags/6-triggerrule.py took 0.077 seconds
[2024-03-25T05:09:15.785+0000] {processor.py:161} INFO - Started process (PID=38051) to work on /opt/airflow/dags/6-triggerrule.py
[2024-03-25T05:09:15.786+0000] {processor.py:830} INFO - Processing file /opt/airflow/dags/6-triggerrule.py for tasks to queue
[2024-03-25T05:09:15.788+0000] {logging_mixin.py:188} INFO - [2024-03-25T05:09:15.787+0000] {dagbag.py:540} INFO - Filling up the DagBag from /opt/airflow/dags/6-triggerrule.py
[2024-03-25T05:09:15.800+0000] {processor.py:840} INFO - DAG(s) '6.2-monitoring' retrieved from /opt/airflow/dags/6-triggerrule.py
[2024-03-25T05:09:15.819+0000] {logging_mixin.py:188} INFO - [2024-03-25T05:09:15.819+0000] {dag.py:3047} INFO - Sync 1 DAGs
[2024-03-25T05:09:15.838+0000] {logging_mixin.py:188} INFO - [2024-03-25T05:09:15.838+0000] {dag.py:3834} INFO - Setting next_dagrun for 6.2-monitoring to 2022-01-01 00:00:00+00:00, run_after=2022-01-02 00:00:00+00:00
[2024-03-25T05:09:15.863+0000] {processor.py:183} INFO - Processing /opt/airflow/dags/6-triggerrule.py took 0.081 seconds
[2024-03-25T05:09:46.080+0000] {processor.py:161} INFO - Started process (PID=38115) to work on /opt/airflow/dags/6-triggerrule.py
[2024-03-25T05:09:46.081+0000] {processor.py:830} INFO - Processing file /opt/airflow/dags/6-triggerrule.py for tasks to queue
[2024-03-25T05:09:46.082+0000] {logging_mixin.py:188} INFO - [2024-03-25T05:09:46.082+0000] {dagbag.py:540} INFO - Filling up the DagBag from /opt/airflow/dags/6-triggerrule.py
[2024-03-25T05:09:46.095+0000] {processor.py:840} INFO - DAG(s) '6.2-monitoring' retrieved from /opt/airflow/dags/6-triggerrule.py
[2024-03-25T05:09:46.111+0000] {logging_mixin.py:188} INFO - [2024-03-25T05:09:46.110+0000] {dag.py:3047} INFO - Sync 1 DAGs
[2024-03-25T05:09:46.129+0000] {logging_mixin.py:188} INFO - [2024-03-25T05:09:46.129+0000] {dag.py:3834} INFO - Setting next_dagrun for 6.2-monitoring to 2022-01-01 00:00:00+00:00, run_after=2022-01-02 00:00:00+00:00
[2024-03-25T05:09:46.147+0000] {processor.py:183} INFO - Processing /opt/airflow/dags/6-triggerrule.py took 0.070 seconds
[2024-03-25T05:10:16.405+0000] {processor.py:161} INFO - Started process (PID=38185) to work on /opt/airflow/dags/6-triggerrule.py
[2024-03-25T05:10:16.406+0000] {processor.py:830} INFO - Processing file /opt/airflow/dags/6-triggerrule.py for tasks to queue
[2024-03-25T05:10:16.407+0000] {logging_mixin.py:188} INFO - [2024-03-25T05:10:16.407+0000] {dagbag.py:540} INFO - Filling up the DagBag from /opt/airflow/dags/6-triggerrule.py
[2024-03-25T05:10:16.420+0000] {processor.py:840} INFO - DAG(s) '6.2-monitoring' retrieved from /opt/airflow/dags/6-triggerrule.py
[2024-03-25T05:10:16.437+0000] {logging_mixin.py:188} INFO - [2024-03-25T05:10:16.437+0000] {dag.py:3047} INFO - Sync 1 DAGs
[2024-03-25T05:10:16.456+0000] {logging_mixin.py:188} INFO - [2024-03-25T05:10:16.456+0000] {dag.py:3834} INFO - Setting next_dagrun for 6.2-monitoring to 2022-01-01 00:00:00+00:00, run_after=2022-01-02 00:00:00+00:00
[2024-03-25T05:10:16.475+0000] {processor.py:183} INFO - Processing /opt/airflow/dags/6-triggerrule.py took 0.072 seconds
[2024-03-25T05:10:46.758+0000] {processor.py:161} INFO - Started process (PID=38249) to work on /opt/airflow/dags/6-triggerrule.py
[2024-03-25T05:10:46.758+0000] {processor.py:830} INFO - Processing file /opt/airflow/dags/6-triggerrule.py for tasks to queue
[2024-03-25T05:10:46.760+0000] {logging_mixin.py:188} INFO - [2024-03-25T05:10:46.760+0000] {dagbag.py:540} INFO - Filling up the DagBag from /opt/airflow/dags/6-triggerrule.py
[2024-03-25T05:10:46.773+0000] {processor.py:840} INFO - DAG(s) '6.2-monitoring' retrieved from /opt/airflow/dags/6-triggerrule.py
[2024-03-25T05:10:46.789+0000] {logging_mixin.py:188} INFO - [2024-03-25T05:10:46.789+0000] {dag.py:3047} INFO - Sync 1 DAGs
[2024-03-25T05:10:46.807+0000] {logging_mixin.py:188} INFO - [2024-03-25T05:10:46.806+0000] {dag.py:3834} INFO - Setting next_dagrun for 6.2-monitoring to 2022-01-01 00:00:00+00:00, run_after=2022-01-02 00:00:00+00:00
[2024-03-25T05:10:46.823+0000] {processor.py:183} INFO - Processing /opt/airflow/dags/6-triggerrule.py took 0.068 seconds
[2024-03-25T05:11:17.112+0000] {processor.py:161} INFO - Started process (PID=38313) to work on /opt/airflow/dags/6-triggerrule.py
[2024-03-25T05:11:17.113+0000] {processor.py:830} INFO - Processing file /opt/airflow/dags/6-triggerrule.py for tasks to queue
[2024-03-25T05:11:17.114+0000] {logging_mixin.py:188} INFO - [2024-03-25T05:11:17.114+0000] {dagbag.py:540} INFO - Filling up the DagBag from /opt/airflow/dags/6-triggerrule.py
[2024-03-25T05:11:17.128+0000] {processor.py:840} INFO - DAG(s) '6.2-monitoring' retrieved from /opt/airflow/dags/6-triggerrule.py
[2024-03-25T05:11:17.143+0000] {logging_mixin.py:188} INFO - [2024-03-25T05:11:17.143+0000] {dag.py:3047} INFO - Sync 1 DAGs
[2024-03-25T05:11:17.161+0000] {logging_mixin.py:188} INFO - [2024-03-25T05:11:17.161+0000] {dag.py:3834} INFO - Setting next_dagrun for 6.2-monitoring to 2022-01-01 00:00:00+00:00, run_after=2022-01-02 00:00:00+00:00
[2024-03-25T05:11:17.186+0000] {processor.py:183} INFO - Processing /opt/airflow/dags/6-triggerrule.py took 0.076 seconds
[2024-03-25T05:11:47.453+0000] {processor.py:161} INFO - Started process (PID=38377) to work on /opt/airflow/dags/6-triggerrule.py
[2024-03-25T05:11:47.454+0000] {processor.py:830} INFO - Processing file /opt/airflow/dags/6-triggerrule.py for tasks to queue
[2024-03-25T05:11:47.455+0000] {logging_mixin.py:188} INFO - [2024-03-25T05:11:47.455+0000] {dagbag.py:540} INFO - Filling up the DagBag from /opt/airflow/dags/6-triggerrule.py
[2024-03-25T05:11:47.467+0000] {processor.py:840} INFO - DAG(s) '6.2-monitoring' retrieved from /opt/airflow/dags/6-triggerrule.py
[2024-03-25T05:11:47.482+0000] {logging_mixin.py:188} INFO - [2024-03-25T05:11:47.482+0000] {dag.py:3047} INFO - Sync 1 DAGs
[2024-03-25T05:11:47.500+0000] {logging_mixin.py:188} INFO - [2024-03-25T05:11:47.500+0000] {dag.py:3834} INFO - Setting next_dagrun for 6.2-monitoring to 2022-01-01 00:00:00+00:00, run_after=2022-01-02 00:00:00+00:00
[2024-03-25T05:11:47.528+0000] {processor.py:183} INFO - Processing /opt/airflow/dags/6-triggerrule.py took 0.078 seconds
[2024-03-25T05:12:17.782+0000] {processor.py:161} INFO - Started process (PID=38441) to work on /opt/airflow/dags/6-triggerrule.py
[2024-03-25T05:12:17.782+0000] {processor.py:830} INFO - Processing file /opt/airflow/dags/6-triggerrule.py for tasks to queue
[2024-03-25T05:12:17.784+0000] {logging_mixin.py:188} INFO - [2024-03-25T05:12:17.784+0000] {dagbag.py:540} INFO - Filling up the DagBag from /opt/airflow/dags/6-triggerrule.py
[2024-03-25T05:12:17.799+0000] {processor.py:840} INFO - DAG(s) '6.2-monitoring' retrieved from /opt/airflow/dags/6-triggerrule.py
[2024-03-25T05:12:17.816+0000] {logging_mixin.py:188} INFO - [2024-03-25T05:12:17.816+0000] {dag.py:3047} INFO - Sync 1 DAGs
[2024-03-25T05:12:17.836+0000] {logging_mixin.py:188} INFO - [2024-03-25T05:12:17.836+0000] {dag.py:3834} INFO - Setting next_dagrun for 6.2-monitoring to 2022-01-01 00:00:00+00:00, run_after=2022-01-02 00:00:00+00:00
[2024-03-25T05:12:17.864+0000] {processor.py:183} INFO - Processing /opt/airflow/dags/6-triggerrule.py took 0.085 seconds
[2024-03-25T05:12:48.086+0000] {processor.py:161} INFO - Started process (PID=38505) to work on /opt/airflow/dags/6-triggerrule.py
[2024-03-25T05:12:48.087+0000] {processor.py:830} INFO - Processing file /opt/airflow/dags/6-triggerrule.py for tasks to queue
[2024-03-25T05:12:48.089+0000] {logging_mixin.py:188} INFO - [2024-03-25T05:12:48.089+0000] {dagbag.py:540} INFO - Filling up the DagBag from /opt/airflow/dags/6-triggerrule.py
[2024-03-25T05:12:48.103+0000] {processor.py:840} INFO - DAG(s) '6.2-monitoring' retrieved from /opt/airflow/dags/6-triggerrule.py
[2024-03-25T05:12:48.119+0000] {logging_mixin.py:188} INFO - [2024-03-25T05:12:48.119+0000] {dag.py:3047} INFO - Sync 1 DAGs
[2024-03-25T05:12:48.138+0000] {logging_mixin.py:188} INFO - [2024-03-25T05:12:48.138+0000] {dag.py:3834} INFO - Setting next_dagrun for 6.2-monitoring to 2022-01-01 00:00:00+00:00, run_after=2022-01-02 00:00:00+00:00
[2024-03-25T05:12:48.161+0000] {processor.py:183} INFO - Processing /opt/airflow/dags/6-triggerrule.py took 0.078 seconds
[2024-03-25T05:13:18.399+0000] {processor.py:161} INFO - Started process (PID=38569) to work on /opt/airflow/dags/6-triggerrule.py
[2024-03-25T05:13:18.400+0000] {processor.py:830} INFO - Processing file /opt/airflow/dags/6-triggerrule.py for tasks to queue
[2024-03-25T05:13:18.402+0000] {logging_mixin.py:188} INFO - [2024-03-25T05:13:18.402+0000] {dagbag.py:540} INFO - Filling up the DagBag from /opt/airflow/dags/6-triggerrule.py
[2024-03-25T05:13:18.414+0000] {processor.py:840} INFO - DAG(s) '6.2-monitoring' retrieved from /opt/airflow/dags/6-triggerrule.py
[2024-03-25T05:13:18.431+0000] {logging_mixin.py:188} INFO - [2024-03-25T05:13:18.430+0000] {dag.py:3047} INFO - Sync 1 DAGs
[2024-03-25T05:13:18.449+0000] {logging_mixin.py:188} INFO - [2024-03-25T05:13:18.449+0000] {dag.py:3834} INFO - Setting next_dagrun for 6.2-monitoring to 2022-01-01 00:00:00+00:00, run_after=2022-01-02 00:00:00+00:00
[2024-03-25T05:13:18.469+0000] {processor.py:183} INFO - Processing /opt/airflow/dags/6-triggerrule.py took 0.073 seconds
[2024-03-25T05:13:48.679+0000] {processor.py:161} INFO - Started process (PID=38633) to work on /opt/airflow/dags/6-triggerrule.py
[2024-03-25T05:13:48.680+0000] {processor.py:830} INFO - Processing file /opt/airflow/dags/6-triggerrule.py for tasks to queue
[2024-03-25T05:13:48.681+0000] {logging_mixin.py:188} INFO - [2024-03-25T05:13:48.681+0000] {dagbag.py:540} INFO - Filling up the DagBag from /opt/airflow/dags/6-triggerrule.py
[2024-03-25T05:13:48.694+0000] {processor.py:840} INFO - DAG(s) '6.2-monitoring' retrieved from /opt/airflow/dags/6-triggerrule.py
[2024-03-25T05:13:48.710+0000] {logging_mixin.py:188} INFO - [2024-03-25T05:13:48.710+0000] {dag.py:3047} INFO - Sync 1 DAGs
[2024-03-25T05:13:48.728+0000] {logging_mixin.py:188} INFO - [2024-03-25T05:13:48.728+0000] {dag.py:3834} INFO - Setting next_dagrun for 6.2-monitoring to 2022-01-01 00:00:00+00:00, run_after=2022-01-02 00:00:00+00:00
[2024-03-25T05:13:48.746+0000] {processor.py:183} INFO - Processing /opt/airflow/dags/6-triggerrule.py took 0.070 seconds
[2024-03-25T05:14:19.134+0000] {processor.py:161} INFO - Started process (PID=38697) to work on /opt/airflow/dags/6-triggerrule.py
[2024-03-25T05:14:19.134+0000] {processor.py:830} INFO - Processing file /opt/airflow/dags/6-triggerrule.py for tasks to queue
[2024-03-25T05:14:19.136+0000] {logging_mixin.py:188} INFO - [2024-03-25T05:14:19.136+0000] {dagbag.py:540} INFO - Filling up the DagBag from /opt/airflow/dags/6-triggerrule.py
[2024-03-25T05:14:19.150+0000] {processor.py:840} INFO - DAG(s) '6.2-monitoring' retrieved from /opt/airflow/dags/6-triggerrule.py
[2024-03-25T05:14:19.165+0000] {logging_mixin.py:188} INFO - [2024-03-25T05:14:19.165+0000] {dag.py:3047} INFO - Sync 1 DAGs
[2024-03-25T05:14:19.183+0000] {logging_mixin.py:188} INFO - [2024-03-25T05:14:19.182+0000] {dag.py:3834} INFO - Setting next_dagrun for 6.2-monitoring to 2022-01-01 00:00:00+00:00, run_after=2022-01-02 00:00:00+00:00
[2024-03-25T05:14:19.201+0000] {processor.py:183} INFO - Processing /opt/airflow/dags/6-triggerrule.py took 0.071 seconds
[2024-03-25T05:14:49.505+0000] {processor.py:161} INFO - Started process (PID=38761) to work on /opt/airflow/dags/6-triggerrule.py
[2024-03-25T05:14:49.506+0000] {processor.py:830} INFO - Processing file /opt/airflow/dags/6-triggerrule.py for tasks to queue
[2024-03-25T05:14:49.508+0000] {logging_mixin.py:188} INFO - [2024-03-25T05:14:49.507+0000] {dagbag.py:540} INFO - Filling up the DagBag from /opt/airflow/dags/6-triggerrule.py
[2024-03-25T05:14:49.520+0000] {processor.py:840} INFO - DAG(s) '6.2-monitoring' retrieved from /opt/airflow/dags/6-triggerrule.py
[2024-03-25T05:14:49.536+0000] {logging_mixin.py:188} INFO - [2024-03-25T05:14:49.535+0000] {dag.py:3047} INFO - Sync 1 DAGs
[2024-03-25T05:14:49.555+0000] {logging_mixin.py:188} INFO - [2024-03-25T05:14:49.554+0000] {dag.py:3834} INFO - Setting next_dagrun for 6.2-monitoring to 2022-01-01 00:00:00+00:00, run_after=2022-01-02 00:00:00+00:00
[2024-03-25T05:14:49.582+0000] {processor.py:183} INFO - Processing /opt/airflow/dags/6-triggerrule.py took 0.080 seconds
[2024-03-25T05:15:19.752+0000] {processor.py:161} INFO - Started process (PID=38825) to work on /opt/airflow/dags/6-triggerrule.py
[2024-03-25T05:15:19.753+0000] {processor.py:830} INFO - Processing file /opt/airflow/dags/6-triggerrule.py for tasks to queue
[2024-03-25T05:15:19.755+0000] {logging_mixin.py:188} INFO - [2024-03-25T05:15:19.755+0000] {dagbag.py:540} INFO - Filling up the DagBag from /opt/airflow/dags/6-triggerrule.py
[2024-03-25T05:15:19.769+0000] {processor.py:840} INFO - DAG(s) '6.2-monitoring' retrieved from /opt/airflow/dags/6-triggerrule.py
[2024-03-25T05:15:19.788+0000] {logging_mixin.py:188} INFO - [2024-03-25T05:15:19.787+0000] {dag.py:3047} INFO - Sync 1 DAGs
[2024-03-25T05:15:19.808+0000] {logging_mixin.py:188} INFO - [2024-03-25T05:15:19.807+0000] {dag.py:3834} INFO - Setting next_dagrun for 6.2-monitoring to 2022-01-01 00:00:00+00:00, run_after=2022-01-02 00:00:00+00:00
[2024-03-25T05:15:19.830+0000] {processor.py:183} INFO - Processing /opt/airflow/dags/6-triggerrule.py took 0.081 seconds
[2024-03-25T05:15:50.097+0000] {processor.py:161} INFO - Started process (PID=38889) to work on /opt/airflow/dags/6-triggerrule.py
[2024-03-25T05:15:50.098+0000] {processor.py:830} INFO - Processing file /opt/airflow/dags/6-triggerrule.py for tasks to queue
[2024-03-25T05:15:50.099+0000] {logging_mixin.py:188} INFO - [2024-03-25T05:15:50.099+0000] {dagbag.py:540} INFO - Filling up the DagBag from /opt/airflow/dags/6-triggerrule.py
[2024-03-25T05:15:50.112+0000] {processor.py:840} INFO - DAG(s) '6.2-monitoring' retrieved from /opt/airflow/dags/6-triggerrule.py
[2024-03-25T05:15:50.127+0000] {logging_mixin.py:188} INFO - [2024-03-25T05:15:50.127+0000] {dag.py:3047} INFO - Sync 1 DAGs
[2024-03-25T05:15:50.145+0000] {logging_mixin.py:188} INFO - [2024-03-25T05:15:50.144+0000] {dag.py:3834} INFO - Setting next_dagrun for 6.2-monitoring to 2022-01-01 00:00:00+00:00, run_after=2022-01-02 00:00:00+00:00
[2024-03-25T05:15:50.164+0000] {processor.py:183} INFO - Processing /opt/airflow/dags/6-triggerrule.py took 0.070 seconds
[2024-03-25T05:16:20.317+0000] {processor.py:161} INFO - Started process (PID=38953) to work on /opt/airflow/dags/6-triggerrule.py
[2024-03-25T05:16:20.318+0000] {processor.py:830} INFO - Processing file /opt/airflow/dags/6-triggerrule.py for tasks to queue
[2024-03-25T05:16:20.320+0000] {logging_mixin.py:188} INFO - [2024-03-25T05:16:20.319+0000] {dagbag.py:540} INFO - Filling up the DagBag from /opt/airflow/dags/6-triggerrule.py
[2024-03-25T05:16:20.333+0000] {processor.py:840} INFO - DAG(s) '6.2-monitoring' retrieved from /opt/airflow/dags/6-triggerrule.py
[2024-03-25T05:16:20.349+0000] {logging_mixin.py:188} INFO - [2024-03-25T05:16:20.349+0000] {dag.py:3047} INFO - Sync 1 DAGs
[2024-03-25T05:16:20.367+0000] {logging_mixin.py:188} INFO - [2024-03-25T05:16:20.367+0000] {dag.py:3834} INFO - Setting next_dagrun for 6.2-monitoring to 2022-01-01 00:00:00+00:00, run_after=2022-01-02 00:00:00+00:00
[2024-03-25T05:16:20.385+0000] {processor.py:183} INFO - Processing /opt/airflow/dags/6-triggerrule.py took 0.070 seconds
[2024-03-25T05:16:51.197+0000] {processor.py:161} INFO - Started process (PID=39017) to work on /opt/airflow/dags/6-triggerrule.py
[2024-03-25T05:16:51.198+0000] {processor.py:830} INFO - Processing file /opt/airflow/dags/6-triggerrule.py for tasks to queue
[2024-03-25T05:16:51.199+0000] {logging_mixin.py:188} INFO - [2024-03-25T05:16:51.199+0000] {dagbag.py:540} INFO - Filling up the DagBag from /opt/airflow/dags/6-triggerrule.py
[2024-03-25T05:16:51.211+0000] {processor.py:840} INFO - DAG(s) '6.2-monitoring' retrieved from /opt/airflow/dags/6-triggerrule.py
[2024-03-25T05:16:51.227+0000] {logging_mixin.py:188} INFO - [2024-03-25T05:16:51.226+0000] {dag.py:3047} INFO - Sync 1 DAGs
[2024-03-25T05:16:51.244+0000] {logging_mixin.py:188} INFO - [2024-03-25T05:16:51.244+0000] {dag.py:3834} INFO - Setting next_dagrun for 6.2-monitoring to 2022-01-01 00:00:00+00:00, run_after=2022-01-02 00:00:00+00:00
[2024-03-25T05:16:51.270+0000] {processor.py:183} INFO - Processing /opt/airflow/dags/6-triggerrule.py took 0.076 seconds
[2024-03-25T05:17:21.335+0000] {processor.py:161} INFO - Started process (PID=39081) to work on /opt/airflow/dags/6-triggerrule.py
[2024-03-25T05:17:21.336+0000] {processor.py:830} INFO - Processing file /opt/airflow/dags/6-triggerrule.py for tasks to queue
[2024-03-25T05:17:21.338+0000] {logging_mixin.py:188} INFO - [2024-03-25T05:17:21.338+0000] {dagbag.py:540} INFO - Filling up the DagBag from /opt/airflow/dags/6-triggerrule.py
[2024-03-25T05:17:21.357+0000] {processor.py:840} INFO - DAG(s) '6.2-monitoring' retrieved from /opt/airflow/dags/6-triggerrule.py
[2024-03-25T05:17:21.380+0000] {logging_mixin.py:188} INFO - [2024-03-25T05:17:21.379+0000] {dag.py:3047} INFO - Sync 1 DAGs
[2024-03-25T05:17:21.404+0000] {logging_mixin.py:188} INFO - [2024-03-25T05:17:21.404+0000] {dag.py:3834} INFO - Setting next_dagrun for 6.2-monitoring to 2022-01-01 00:00:00+00:00, run_after=2022-01-02 00:00:00+00:00
[2024-03-25T05:17:21.423+0000] {processor.py:183} INFO - Processing /opt/airflow/dags/6-triggerrule.py took 0.091 seconds
[2024-03-25T05:17:51.512+0000] {processor.py:161} INFO - Started process (PID=39145) to work on /opt/airflow/dags/6-triggerrule.py
[2024-03-25T05:17:51.513+0000] {processor.py:830} INFO - Processing file /opt/airflow/dags/6-triggerrule.py for tasks to queue
[2024-03-25T05:17:51.514+0000] {logging_mixin.py:188} INFO - [2024-03-25T05:17:51.514+0000] {dagbag.py:540} INFO - Filling up the DagBag from /opt/airflow/dags/6-triggerrule.py
[2024-03-25T05:17:51.529+0000] {processor.py:840} INFO - DAG(s) '6.2-monitoring' retrieved from /opt/airflow/dags/6-triggerrule.py
[2024-03-25T05:17:51.546+0000] {logging_mixin.py:188} INFO - [2024-03-25T05:17:51.546+0000] {dag.py:3047} INFO - Sync 1 DAGs
[2024-03-25T05:17:51.565+0000] {logging_mixin.py:188} INFO - [2024-03-25T05:17:51.565+0000] {dag.py:3834} INFO - Setting next_dagrun for 6.2-monitoring to 2022-01-01 00:00:00+00:00, run_after=2022-01-02 00:00:00+00:00
[2024-03-25T05:17:51.585+0000] {processor.py:183} INFO - Processing /opt/airflow/dags/6-triggerrule.py took 0.076 seconds
[2024-03-25T05:18:22.027+0000] {processor.py:161} INFO - Started process (PID=39210) to work on /opt/airflow/dags/6-triggerrule.py
[2024-03-25T05:18:22.028+0000] {processor.py:830} INFO - Processing file /opt/airflow/dags/6-triggerrule.py for tasks to queue
[2024-03-25T05:18:22.029+0000] {logging_mixin.py:188} INFO - [2024-03-25T05:18:22.029+0000] {dagbag.py:540} INFO - Filling up the DagBag from /opt/airflow/dags/6-triggerrule.py
[2024-03-25T05:18:22.043+0000] {processor.py:840} INFO - DAG(s) '6.2-monitoring' retrieved from /opt/airflow/dags/6-triggerrule.py
[2024-03-25T05:18:22.060+0000] {logging_mixin.py:188} INFO - [2024-03-25T05:18:22.060+0000] {dag.py:3047} INFO - Sync 1 DAGs
[2024-03-25T05:18:22.080+0000] {logging_mixin.py:188} INFO - [2024-03-25T05:18:22.080+0000] {dag.py:3834} INFO - Setting next_dagrun for 6.2-monitoring to 2022-01-01 00:00:00+00:00, run_after=2022-01-02 00:00:00+00:00
[2024-03-25T05:18:22.100+0000] {processor.py:183} INFO - Processing /opt/airflow/dags/6-triggerrule.py took 0.075 seconds
[2024-03-25T05:18:52.381+0000] {processor.py:161} INFO - Started process (PID=39275) to work on /opt/airflow/dags/6-triggerrule.py
[2024-03-25T05:18:52.382+0000] {processor.py:830} INFO - Processing file /opt/airflow/dags/6-triggerrule.py for tasks to queue
[2024-03-25T05:18:52.384+0000] {logging_mixin.py:188} INFO - [2024-03-25T05:18:52.383+0000] {dagbag.py:540} INFO - Filling up the DagBag from /opt/airflow/dags/6-triggerrule.py
[2024-03-25T05:18:52.398+0000] {processor.py:840} INFO - DAG(s) '6.2-monitoring' retrieved from /opt/airflow/dags/6-triggerrule.py
[2024-03-25T05:18:52.415+0000] {logging_mixin.py:188} INFO - [2024-03-25T05:18:52.415+0000] {dag.py:3047} INFO - Sync 1 DAGs
[2024-03-25T05:18:52.434+0000] {logging_mixin.py:188} INFO - [2024-03-25T05:18:52.433+0000] {dag.py:3834} INFO - Setting next_dagrun for 6.2-monitoring to 2022-01-01 00:00:00+00:00, run_after=2022-01-02 00:00:00+00:00
[2024-03-25T05:18:52.456+0000] {processor.py:183} INFO - Processing /opt/airflow/dags/6-triggerrule.py took 0.078 seconds
[2024-03-25T05:19:22.654+0000] {processor.py:161} INFO - Started process (PID=39340) to work on /opt/airflow/dags/6-triggerrule.py
[2024-03-25T05:19:22.655+0000] {processor.py:830} INFO - Processing file /opt/airflow/dags/6-triggerrule.py for tasks to queue
[2024-03-25T05:19:22.656+0000] {logging_mixin.py:188} INFO - [2024-03-25T05:19:22.656+0000] {dagbag.py:540} INFO - Filling up the DagBag from /opt/airflow/dags/6-triggerrule.py
[2024-03-25T05:19:22.670+0000] {processor.py:840} INFO - DAG(s) '6.2-monitoring' retrieved from /opt/airflow/dags/6-triggerrule.py
[2024-03-25T05:19:22.687+0000] {logging_mixin.py:188} INFO - [2024-03-25T05:19:22.687+0000] {dag.py:3047} INFO - Sync 1 DAGs
[2024-03-25T05:19:22.706+0000] {logging_mixin.py:188} INFO - [2024-03-25T05:19:22.706+0000] {dag.py:3834} INFO - Setting next_dagrun for 6.2-monitoring to 2022-01-01 00:00:00+00:00, run_after=2022-01-02 00:00:00+00:00
[2024-03-25T05:19:22.725+0000] {processor.py:183} INFO - Processing /opt/airflow/dags/6-triggerrule.py took 0.074 seconds
[2024-03-25T05:19:52.830+0000] {processor.py:161} INFO - Started process (PID=39404) to work on /opt/airflow/dags/6-triggerrule.py
[2024-03-25T05:19:52.831+0000] {processor.py:830} INFO - Processing file /opt/airflow/dags/6-triggerrule.py for tasks to queue
[2024-03-25T05:19:52.832+0000] {logging_mixin.py:188} INFO - [2024-03-25T05:19:52.832+0000] {dagbag.py:540} INFO - Filling up the DagBag from /opt/airflow/dags/6-triggerrule.py
[2024-03-25T05:19:52.845+0000] {processor.py:840} INFO - DAG(s) '6.2-monitoring' retrieved from /opt/airflow/dags/6-triggerrule.py
[2024-03-25T05:19:52.862+0000] {logging_mixin.py:188} INFO - [2024-03-25T05:19:52.862+0000] {dag.py:3047} INFO - Sync 1 DAGs
[2024-03-25T05:19:52.883+0000] {logging_mixin.py:188} INFO - [2024-03-25T05:19:52.883+0000] {dag.py:3834} INFO - Setting next_dagrun for 6.2-monitoring to 2022-01-01 00:00:00+00:00, run_after=2022-01-02 00:00:00+00:00
[2024-03-25T05:19:52.906+0000] {processor.py:183} INFO - Processing /opt/airflow/dags/6-triggerrule.py took 0.079 seconds
