[2024-03-25T05:17:57.989+0000] {processor.py:161} INFO - Started process (PID=39171) to work on /opt/airflow/dags/8Filesensor.py
[2024-03-25T05:17:57.990+0000] {processor.py:830} INFO - Processing file /opt/airflow/dags/8Filesensor.py for tasks to queue
[2024-03-25T05:17:57.991+0000] {logging_mixin.py:188} INFO - [2024-03-25T05:17:57.991+0000] {dagbag.py:540} INFO - Filling up the DagBag from /opt/airflow/dags/8Filesensor.py
[2024-03-25T05:17:58.007+0000] {processor.py:840} INFO - DAG(s) '7.3-filesensor' retrieved from /opt/airflow/dags/8Filesensor.py
[2024-03-25T05:17:58.087+0000] {logging_mixin.py:188} INFO - [2024-03-25T05:17:58.087+0000] {override.py:1769} INFO - Created Permission View: can edit on DAG:7.3-filesensor
[2024-03-25T05:17:58.101+0000] {logging_mixin.py:188} INFO - [2024-03-25T05:17:58.100+0000] {override.py:1769} INFO - Created Permission View: can read on DAG:7.3-filesensor
[2024-03-25T05:17:58.109+0000] {logging_mixin.py:188} INFO - [2024-03-25T05:17:58.109+0000] {override.py:1769} INFO - Created Permission View: can delete on DAG:7.3-filesensor
[2024-03-25T05:17:58.110+0000] {logging_mixin.py:188} INFO - [2024-03-25T05:17:58.110+0000] {dag.py:3047} INFO - Sync 1 DAGs
[2024-03-25T05:17:58.119+0000] {logging_mixin.py:188} INFO - [2024-03-25T05:17:58.118+0000] {dag.py:3069} INFO - Creating ORM DAG for 7.3-filesensor
[2024-03-25T05:17:58.127+0000] {logging_mixin.py:188} INFO - [2024-03-25T05:17:58.127+0000] {dag.py:3834} INFO - Setting next_dagrun for 7.3-filesensor to 2022-08-20 00:00:00+00:00, run_after=2022-08-21 00:00:00+00:00
[2024-03-25T05:17:58.144+0000] {processor.py:183} INFO - Processing /opt/airflow/dags/8Filesensor.py took 0.157 seconds
[2024-03-25T05:18:28.289+0000] {processor.py:161} INFO - Started process (PID=39236) to work on /opt/airflow/dags/8Filesensor.py
[2024-03-25T05:18:28.290+0000] {processor.py:830} INFO - Processing file /opt/airflow/dags/8Filesensor.py for tasks to queue
[2024-03-25T05:18:28.292+0000] {logging_mixin.py:188} INFO - [2024-03-25T05:18:28.292+0000] {dagbag.py:540} INFO - Filling up the DagBag from /opt/airflow/dags/8Filesensor.py
[2024-03-25T05:18:28.305+0000] {processor.py:840} INFO - DAG(s) '7.3-filesensor' retrieved from /opt/airflow/dags/8Filesensor.py
[2024-03-25T05:18:28.321+0000] {logging_mixin.py:188} INFO - [2024-03-25T05:18:28.321+0000] {dag.py:3047} INFO - Sync 1 DAGs
[2024-03-25T05:18:28.340+0000] {logging_mixin.py:188} INFO - [2024-03-25T05:18:28.339+0000] {dag.py:3834} INFO - Setting next_dagrun for 7.3-filesensor to 2022-08-20 00:00:00+00:00, run_after=2022-08-21 00:00:00+00:00
[2024-03-25T05:18:28.366+0000] {processor.py:183} INFO - Processing /opt/airflow/dags/8Filesensor.py took 0.079 seconds
[2024-03-25T05:18:58.759+0000] {processor.py:161} INFO - Started process (PID=39301) to work on /opt/airflow/dags/8Filesensor.py
[2024-03-25T05:18:58.760+0000] {processor.py:830} INFO - Processing file /opt/airflow/dags/8Filesensor.py for tasks to queue
[2024-03-25T05:18:58.761+0000] {logging_mixin.py:188} INFO - [2024-03-25T05:18:58.761+0000] {dagbag.py:540} INFO - Filling up the DagBag from /opt/airflow/dags/8Filesensor.py
[2024-03-25T05:18:58.774+0000] {processor.py:840} INFO - DAG(s) '7.3-filesensor' retrieved from /opt/airflow/dags/8Filesensor.py
[2024-03-25T05:18:58.789+0000] {logging_mixin.py:188} INFO - [2024-03-25T05:18:58.788+0000] {dag.py:3047} INFO - Sync 1 DAGs
[2024-03-25T05:18:58.805+0000] {logging_mixin.py:188} INFO - [2024-03-25T05:18:58.805+0000] {dag.py:3834} INFO - Setting next_dagrun for 7.3-filesensor to 2022-08-20 00:00:00+00:00, run_after=2022-08-21 00:00:00+00:00
[2024-03-25T05:18:58.822+0000] {processor.py:183} INFO - Processing /opt/airflow/dags/8Filesensor.py took 0.065 seconds
[2024-03-25T05:19:28.987+0000] {processor.py:161} INFO - Started process (PID=39366) to work on /opt/airflow/dags/8Filesensor.py
[2024-03-25T05:19:28.987+0000] {processor.py:830} INFO - Processing file /opt/airflow/dags/8Filesensor.py for tasks to queue
[2024-03-25T05:19:28.989+0000] {logging_mixin.py:188} INFO - [2024-03-25T05:19:28.989+0000] {dagbag.py:540} INFO - Filling up the DagBag from /opt/airflow/dags/8Filesensor.py
[2024-03-25T05:19:29.002+0000] {processor.py:840} INFO - DAG(s) '7.3-filesensor' retrieved from /opt/airflow/dags/8Filesensor.py
[2024-03-25T05:19:29.019+0000] {logging_mixin.py:188} INFO - [2024-03-25T05:19:29.019+0000] {dag.py:3047} INFO - Sync 1 DAGs
[2024-03-25T05:19:29.038+0000] {logging_mixin.py:188} INFO - [2024-03-25T05:19:29.038+0000] {dag.py:3834} INFO - Setting next_dagrun for 7.3-filesensor to 2022-08-20 00:00:00+00:00, run_after=2022-08-21 00:00:00+00:00
[2024-03-25T05:19:29.058+0000] {processor.py:183} INFO - Processing /opt/airflow/dags/8Filesensor.py took 0.073 seconds
[2024-03-25T05:19:59.240+0000] {processor.py:161} INFO - Started process (PID=39431) to work on /opt/airflow/dags/8Filesensor.py
[2024-03-25T05:19:59.241+0000] {processor.py:830} INFO - Processing file /opt/airflow/dags/8Filesensor.py for tasks to queue
[2024-03-25T05:19:59.243+0000] {logging_mixin.py:188} INFO - [2024-03-25T05:19:59.242+0000] {dagbag.py:540} INFO - Filling up the DagBag from /opt/airflow/dags/8Filesensor.py
[2024-03-25T05:19:59.255+0000] {processor.py:840} INFO - DAG(s) '7.3-filesensor' retrieved from /opt/airflow/dags/8Filesensor.py
[2024-03-25T05:19:59.270+0000] {logging_mixin.py:188} INFO - [2024-03-25T05:19:59.270+0000] {dag.py:3047} INFO - Sync 1 DAGs
[2024-03-25T05:19:59.288+0000] {logging_mixin.py:188} INFO - [2024-03-25T05:19:59.287+0000] {dag.py:3834} INFO - Setting next_dagrun for 7.3-filesensor to 2022-08-20 00:00:00+00:00, run_after=2022-08-21 00:00:00+00:00
[2024-03-25T05:19:59.303+0000] {processor.py:183} INFO - Processing /opt/airflow/dags/8Filesensor.py took 0.066 seconds
